{"numTotalTestSuites":21,"numPassedTestSuites":21,"numFailedTestSuites":0,"numPendingTestSuites":0,"numTotalTests":47,"numPassedTests":29,"numFailedTests":18,"numPendingTests":0,"numTodoTests":0,"startTime":1755792578768,"success":false,"testResults":[{"assertionResults":[{"ancestorTitles":["","useAnalytics"],"fullName":" useAnalytics initializes analytics hook correctly","status":"passed","title":"initializes analytics hook correctly","duration":26,"failureMessages":[]},{"ancestorTitles":["","useAnalytics"],"fullName":" useAnalytics tracks page view correctly","status":"passed","title":"tracks page view correctly","duration":5,"failureMessages":[]},{"ancestorTitles":["","useAnalytics"],"fullName":" useAnalytics tracks lesson start correctly","status":"passed","title":"tracks lesson start correctly","duration":4,"failureMessages":[]},{"ancestorTitles":["","useAnalytics"],"fullName":" useAnalytics tracks lesson complete correctly","status":"passed","title":"tracks lesson complete correctly","duration":3,"failureMessages":[]},{"ancestorTitles":["","useAnalytics"],"fullName":" useAnalytics tracks course complete correctly","status":"passed","title":"tracks course complete correctly","duration":3,"failureMessages":[]}],"startTime":1755792581176,"endTime":1755792581217,"status":"passed","message":"","name":"C:/Users/Asus/Documents/stegmaier-landing/frontend/src/tests/hooks/useAnalytics.test.ts"},{"assertionResults":[{"ancestorTitles":["","Course Flow Integration","Course Discovery and Enrollment Flow"],"fullName":" Course Flow Integration Course Discovery and Enrollment Flow allows user to browse and view course details","status":"failed","title":"allows user to browse and view course details","duration":183,"failureMessages":["Unable to find an element with the text: John Doe. This could be because the text is broken up by multiple elements. In this case, you can provide a function for your text matcher to make your matcher more flexible.\n\nIgnored nodes: comments, script, style\n\u001b[36m<body>\u001b[39m\n  \u001b[36m<div>\u001b[39m\n    \u001b[36m<div\u001b[39m\n      \u001b[33mclass\u001b[39m=\u001b[32m\"space-y-6 pb-10\"\u001b[39m\n    \u001b[36m>\u001b[39m\n      \u001b[36m<header\u001b[39m\n        \u001b[33mclass\u001b[39m=\u001b[32m\"bg-gradient-to-r from-primary-700 to-primary-800 text-white rounded-xl shadow-md p-6 mb-6\"\u001b[39m\n      \u001b[36m>\u001b[39m\n        \u001b[36m<h1\u001b[39m\n          \u001b[33mclass\u001b[39m=\u001b[32m\"text-2xl md:text-3xl font-bold mb-2\"\u001b[39m\n        \u001b[36m>\u001b[39m\n          \u001b[0mCatálogo de Cursos\u001b[0m\n        \u001b[36m</h1>\u001b[39m\n        \u001b[36m<p\u001b[39m\n          \u001b[33mclass\u001b[39m=\u001b[32m\"text-primary-100\"\u001b[39m\n        \u001b[36m>\u001b[39m\n          \u001b[0mExplora nuestra selección de cursos especializados en consultoría y gestión empresarial\u001b[0m\n        \u001b[36m</p>\u001b[39m\n      \u001b[36m</header>\u001b[39m\n      \u001b[36m<div\u001b[39m\n        \u001b[33mclass\u001b[39m=\u001b[32m\"bg-white rounded-xl shadow-sm border border-gray-200 p-4 mb-6\"\u001b[39m\n      \u001b[36m>\u001b[39m\n        \u001b[36m<div\u001b[39m\n          \u001b[33mclass\u001b[39m=\u001b[32m\"flex flex-col md:flex-row gap-4\"\u001b[39m\n        \u001b[36m>\u001b[39m\n          \u001b[36m<div\u001b[39m\n            \u001b[33mclass\u001b[39m=\u001b[32m\"flex-grow\"\u001b[39m\n          \u001b[36m>\u001b[39m\n            \u001b[36m<label\u001b[39m\n              \u001b[33mclass\u001b[39m=\u001b[32m\"sr-only\"\u001b[39m\n              \u001b[33mfor\u001b[39m=\u001b[32m\"search\"\u001b[39m\n            \u001b[36m>\u001b[39m\n              \u001b[0mBuscar cursos\u001b[0m\n            \u001b[36m</label>\u001b[39m\n            \u001b[36m<div\u001b[39m\n              \u001b[33mclass\u001b[39m=\u001b[32m\"relative rounded-md shadow-sm\"\u001b[39m\n            \u001b[36m>\u001b[39m\n              \u001b[36m<div\u001b[39m\n                \u001b[33mclass\u001b[39m=\u001b[32m\"absolute inset-y-0 left-0 pl-3 flex items-center pointer-events-none\"\u001b[39m\n              \u001b[36m>\u001b[39m\n                \u001b[36m<svg\u001b[39m\n                  \u001b[33mclass\u001b[39m=\u001b[32m\"h-5 w-5 text-gray-400\"\u001b[39m\n                  \u001b[33mfill\u001b[39m=\u001b[32m\"none\"\u001b[39m\n                  \u001b[33mstroke\u001b[39m=\u001b[32m\"currentColor\"\u001b[39m\n                  \u001b[33mviewBox\u001b[39m=\u001b[32m\"0 0 24 24\"\u001b[39m\n                  \u001b[33mxmlns\u001b[39m=\u001b[32m\"http://www.w3.org/2000/svg\"\u001b[39m\n                \u001b[36m>\u001b[39m\n                  \u001b[36m<path\u001b[39m\n                    \u001b[33md\u001b[39m=\u001b[32m\"M21 21l-6-6m2-5a7 7 0 11-14 0 7 7 0 0114 0z\"\u001b[39m\n                    \u001b[33mstroke-linecap\u001b[39m=\u001b[32m\"round\"\u001b[39m\n                    \u001b[33mstroke-linejoin\u001b[39m=\u001b[32m\"round\"\u001b[39m\n                    \u001b[33mstroke-width\u001b[39m=\u001b[32m\"2\"\u001b[39m\n                  \u001b[36m/>\u001b[39m\n                \u001b[36m</svg>\u001b[39m\n              \u001b[36m</div>\u001b[39m\n              \u001b[36m<input\u001b[39m\n                \u001b[33mclass\u001b[39m=\u001b[32m\"focus:ring-primary-500 focus:border-primary-500 block w-full pl-10 sm:text-sm border-gray-300 rounded-md\"\u001b[39m\n                \u001b[33mid\u001b[39m=\u001b[32m\"search\"\u001b[39m\n                \u001b[33mname\u001b[39m=\u001b[32m\"search\"\u001b[39m\n                \u001b[33mplaceholder\u001b[39m=\u001b[32m\"Buscar cursos...\"\u001b[39m\n                \u001b[33mtype\u001b[39m=\u001b[32m\"search\"\u001b[39m\n                \u001b[33mvalue\u001b[39m=\u001b[32m\"\"\u001b[39m\n              \u001b[36m/>\u001b[39m\n            \u001b[36m</div>\u001b[39m\n          \u001b[36m</div>\u001b[39m\n          \u001b[36m<div\u001b[39m\n            \u001b[33mclass\u001b[39m=\u001b[32m\"flex-shrink-0\"\u001b[39m\n          \u001b[36m>\u001b[39m\n            \u001b[36m<label\u001b[39m\n              \u001b[33mclass\u001b[39m=\u001b[32m\"sr-only\"\u001b[39m\n              \u001b[33mfor\u001b[39m=\u001b[32m\"category\"\u001b[39m\n            \u001b[36m>\u001b[39m\n              \u001b[0mFiltrar por categoría\u001b[0m\n            \u001b[36m</label>\u001b[39m\n            \u001b[36m<select\u001b[39m\n              \u001b[33mclass\u001b[39m=\u001b[32m\"focus:ring-primary-500 focus:border-primary-500 block w-full sm:text-sm border-gray-300 rounded-md\"\u001b[39m\n              \u001b[33mid\u001b[39m=\u001b[32m\"category\"\u001b[39m\n              \u001b[33mname\u001b[39m=\u001b[32m\"category\"\u001b[39m\n            \u001b[36m>\u001b[39m\n              \u001b[36m<option\u001b[39m\n                \u001b[33mvalue\u001b[39m=\u001b[32m\"all\"\u001b[39m\n              \u001b[36m>\u001b[39m\n                \u001b[0mTodas las categorías\u001b[0m\n              \u001b[36m</option>\u001b[39m\n              \u001b[36m<option\u001b[39m\n                \u001b[33mvalue\u001b[39m=\u001b[32m\"consulting\"\u001b[39m\n              \u001b[36m>\u001b[39m\n                \u001b[0mConsultoría\u001b[0m\n              \u001b[36m</option>\u001b[39m\n              \u001b[36m<option\u001b[39m\n                \u001b[33mvalue\u001b[39m=\u001b[32m\"management\"\u001b[39m\n              \u001b[36m>\u001b[39m\n                \u001b[0mGestión\u001b[0m\n              \u001b[36m</option>\u001b[39m\n              \u001b[36m<option\u001b[39m\n                \u001b[33mvalue\u001b[39m=\u001b[32m\"operations\"\u001b[39m\n              \u001b[36m>\u001b[39m\n                \u001b[0mOperaciones\u001b[0m\n              \u001b[36m</option>\u001b[39m\n              \u001b[36m<option\u001b[39m\n                \u001b[33mvalue\u001b[39m=\u001b[32m\"safety_training\"\u001b[39m\n              \u001b[36m>\u001b[39m\n                \u001b[0mPrevención de Riesgos\u001b[0m\n              \u001b[36m</option>\u001b[39m\n            \u001b[36m</select>\u001b[39m\n          \u001b[36m</div>\u001b[39m\n        \u001b[36m</div>\u001b[39m\n      \u001b[36m</div>\u001b[39m\n      \u001b[36m<div\u001b[39m\n        \u001b[33mclass\u001b[39m=\u001b[32m\"grid grid-cols-1 md:grid-cols-2 lg:grid-cols-3 gap-6\"\u001b[39m\n      \u001b[36m>\u001b[39m\n        \u001b[36m<div\u001b[39m\n          \u001b[33mclass\u001b[39m=\u001b[32m\"bg-white rounded-xl shadow-sm border border-gray-200 overflow-hidden hover:shadow-md transition-shadow duration-200\"\u001b[39m\n        \u001b[36m>\u001b[39m\n          \u001b[36m<div\u001b[39m\n            \u001b[33mclass\u001b[39m=\u001b[32m\"p-6\"\u001b[39m\n          \u001b[36m>\u001b[39m\n            \u001b[36m<h3\u001b[39m\n              \u001b[33mclass\u001b[39m=\u001b[32m\"text-lg font-semibold text-gray-900 mb-2\"\u001b[39m\n            \u001b[36m>\u001b[39m\n              \u001b[0mTest Course 1\u001b[0m\n            \u001b[36m</h3>\u001b[39m\n            \u001b[36m<p\u001b[39m\n              \u001b[33mclass\u001b[39m=\u001b[32m\"text-gray-600 text-sm mb-4 line-clamp-3\"\u001b[39m\n            \u001b[36m>\u001b[39m\n              \u001b[0mA test course for programming\u001b[0m\n            \u001b[36m</p>\u001b[39m\n            \u001b[36m<div\u001b[39m\n              \u001b[33mclass\u001b[39m=\u001b[32m\"flex items-center justify-between text-sm text-gray-500 mb-4\"\u001b[39m\n            \u001b[36m>\u001b[39m\n              \u001b[36m<span>\u001b[39m\n                \u001b[0m5\u001b[0m\n                \u001b[0m lecciones\u001b[0m\n              \u001b[36m</span>\u001b[39m\n              \u001b[36m<span>\u001b[39m\n                \u001b[0m0\u001b[0m\n                \u001b[0m min\u001b[0m\n              \u001b[36m</span>\u001b[39m\n            \u001b[36m</div>\u001b[39m\n            \u001b[36m<button\u001b[39m\n              \u001b[33mclass\u001b[39m=\u001b[32m\"w-full bg-gray-400 text-white py-2 px-4 rounded-md font-medium \"\u001b[39m\n              \u001b[33mdisabled\u001b[39m=\u001b[32m\"\"\u001b[39m\n            \u001b[36m>\u001b[39m\n              \u001b[36m<div\u001b[39m\n                \u001b[33mclass\u001b[39m=\u001b[32m\"flex items-center justify-center\"\u001b[39m\n              \u001b[36m>\u001b[39m\n                \u001b[36m<div\u001b[39m\n                  \u001b[33mclass\u001b[39m=\u001b[32m\"w-4 h-4 border-2 border-white border-t-transparent rounded-full animate-spin mr-2\"\u001b[39m\n                \u001b[36m/>\u001b[39m\n                \u001b[0mVerificando...\u001b[0m\n              \u001b[36m</div>\u001b[39m\n            \u001b[36m</button>\u001b[39m\n          \u001b[36m</div>\u001b[39m\n        \u001b[36m</div>\u001b[39m\n        \u001b[36m<div\u001b[39m\n          \u001b[33mclass\u001b[39m=\u001b[32m\"bg-white rounded-xl shadow-sm border border-gray-200 overflow-hidden hover:shadow-md transition-shadow duration-200\"\u001b[39m\n        \u001b[36m>\u001b[39m\n          \u001b[36m<div\u001b[39m\n            \u001b[33mclass\u001b[39m=\u001b[32m\"p-6\"\u001b[39m\n          \u001b[36m>\u001b[39m\n            \u001b[36m<h3\u001b[39m\n              \u001b[33mclass\u001b[39m=\u001b[32m\"text-lg font-semibold text-gray-900 mb-2\"\u001b[39m\n            \u001b[36m>\u001b[39m\n              \u001b[0mTest Course 2\u001b[0m\n            \u001b[36m</h3>\u001b[39m\n            \u001b[36m<p\u001b[39m\n              \u001b[33mclass\u001b[39m=\u001b[32m\"text-gray-600 text-sm mb-4 line-clamp-3\"\u001b[39m\n            \u001b[36m>\u001b[39m\n              \u001b[0mAnother test course for design\u001b[0m\n            \u001b[36m</p>\u001b[39m\n            \u001b[36m<div\u001b[39m\n              \u001b[33mclass\u001b[39m=\u001b[32m\"flex items-center justify-between text-sm text-gray-500 mb-4\"\u001b[39m\n            \u001b[36m>\u001b[39m\n              \u001b[36m<span>\u001b[39m\n                \u001b[0m8\u001b[0m\n                \u001b[0m lecciones\u001b[0m\n              \u001b[36m</span>\u001b[39m\n              \u001b[36m<span>\u001b[39m\n                \u001b[0m0\u001b[0m\n                \u001b[0m min\u001b[0m\n              \u001b[36m</span>\u001b[39m\n            \u001b[36m</div>\u001b[39m\n            \u001b[36m<button\u001b[39m\n              \u001b[33mclass\u001b[39m=\u001b[32m\"w-full bg-gray-400 text-white py-2 px-4 rounded-md font-medium \"\u001b[39m\n              \u001b[33mdisabled\u001b[39m=\u001b[32m\"\"\u001b[39m\n            \u001b[36m>\u001b[39m\n              \u001b[36m<div\u001b[39m\n                \u001b[33mclass\u001b[39m=\u001b[32m\"flex items-center justify-center\"\u001b[39m\n              \u001b[36m>\u001b[39m\n                \u001b[36m<div\u001b[39m\n                  \u001b[33mclass\u001b[39m=\u001b[32m\"w-4 h-4 border-2 border-white border-t-transparent rounded-full animate-spin mr-2\"\u001b[39m\n                \u001b[36m/>\u001b[39m\n                \u001b[0mVerificando...\u001b[0m\n              \u001b[36m</div>\u001b[39m\n            \u001b[36m</button>\u001b[39m\n          \u001b[36m</div>\u001b[39m\n        \u001b[36m</div>\u001b[39m\n      \u001b[36m</div>\u001b[39m\n    \u001b[36m</div>\u001b[39m\n  \u001b[36m</div>\u001b[39m\n\u001b[36m</body>\u001b[39m"],"location":{"line":37,"column":19}},{"ancestorTitles":["","Course Flow Integration","Course Discovery and Enrollment Flow"],"fullName":" Course Flow Integration Course Discovery and Enrollment Flow filters courses by category","status":"failed","title":"filters courses by category","duration":1268,"failureMessages":["Unable to find an element with the text: Test Course 1. This could be because the text is broken up by multiple elements. In this case, you can provide a function for your text matcher to make your matcher more flexible.\n\nIgnored nodes: comments, script, style\n\u001b[36m<body>\u001b[39m\n  \u001b[36m<div>\u001b[39m\n    \u001b[36m<div\u001b[39m\n      \u001b[33mclass\u001b[39m=\u001b[32m\"space-y-6 pb-10\"\u001b[39m\n    \u001b[36m>\u001b[39m\n      \u001b[36m<header\u001b[39m\n        \u001b[33mclass\u001b[39m=\u001b[32m\"bg-gradient-to-r from-primary-700 to-primary-800 text-white rounded-xl shadow-md p-6 mb-6\"\u001b[39m\n      \u001b[36m>\u001b[39m\n        \u001b[36m<h1\u001b[39m\n          \u001b[33mclass\u001b[39m=\u001b[32m\"text-2xl md:text-3xl font-bold mb-2\"\u001b[39m\n        \u001b[36m>\u001b[39m\n          \u001b[0mCatálogo de Cursos\u001b[0m\n        \u001b[36m</h1>\u001b[39m\n        \u001b[36m<p\u001b[39m\n          \u001b[33mclass\u001b[39m=\u001b[32m\"text-primary-100\"\u001b[39m\n        \u001b[36m>\u001b[39m\n          \u001b[0mExplora nuestra selección de cursos especializados en consultoría y gestión empresarial\u001b[0m\n        \u001b[36m</p>\u001b[39m\n      \u001b[36m</header>\u001b[39m\n      \u001b[36m<div\u001b[39m\n        \u001b[33mclass\u001b[39m=\u001b[32m\"bg-white rounded-xl shadow-sm border border-gray-200 p-4 mb-6\"\u001b[39m\n      \u001b[36m>\u001b[39m\n        \u001b[36m<div\u001b[39m\n          \u001b[33mclass\u001b[39m=\u001b[32m\"flex flex-col md:flex-row gap-4\"\u001b[39m\n        \u001b[36m>\u001b[39m\n          \u001b[36m<div\u001b[39m\n            \u001b[33mclass\u001b[39m=\u001b[32m\"flex-grow\"\u001b[39m\n          \u001b[36m>\u001b[39m\n            \u001b[36m<label\u001b[39m\n              \u001b[33mclass\u001b[39m=\u001b[32m\"sr-only\"\u001b[39m\n              \u001b[33mfor\u001b[39m=\u001b[32m\"search\"\u001b[39m\n            \u001b[36m>\u001b[39m\n              \u001b[0mBuscar cursos\u001b[0m\n            \u001b[36m</label>\u001b[39m\n            \u001b[36m<div\u001b[39m\n              \u001b[33mclass\u001b[39m=\u001b[32m\"relative rounded-md shadow-sm\"\u001b[39m\n            \u001b[36m>\u001b[39m\n              \u001b[36m<div\u001b[39m\n                \u001b[33mclass\u001b[39m=\u001b[32m\"absolute inset-y-0 left-0 pl-3 flex items-center pointer-events-none\"\u001b[39m\n              \u001b[36m>\u001b[39m\n                \u001b[36m<svg\u001b[39m\n                  \u001b[33mclass\u001b[39m=\u001b[32m\"h-5 w-5 text-gray-400\"\u001b[39m\n                  \u001b[33mfill\u001b[39m=\u001b[32m\"none\"\u001b[39m\n                  \u001b[33mstroke\u001b[39m=\u001b[32m\"currentColor\"\u001b[39m\n                  \u001b[33mviewBox\u001b[39m=\u001b[32m\"0 0 24 24\"\u001b[39m\n                  \u001b[33mxmlns\u001b[39m=\u001b[32m\"http://www.w3.org/2000/svg\"\u001b[39m\n                \u001b[36m>\u001b[39m\n                  \u001b[36m<path\u001b[39m\n                    \u001b[33md\u001b[39m=\u001b[32m\"M21 21l-6-6m2-5a7 7 0 11-14 0 7 7 0 0114 0z\"\u001b[39m\n                    \u001b[33mstroke-linecap\u001b[39m=\u001b[32m\"round\"\u001b[39m\n                    \u001b[33mstroke-linejoin\u001b[39m=\u001b[32m\"round\"\u001b[39m\n                    \u001b[33mstroke-width\u001b[39m=\u001b[32m\"2\"\u001b[39m\n                  \u001b[36m/>\u001b[39m\n                \u001b[36m</svg>\u001b[39m\n              \u001b[36m</div>\u001b[39m\n              \u001b[36m<input\u001b[39m\n                \u001b[33mclass\u001b[39m=\u001b[32m\"focus:ring-primary-500 focus:border-primary-500 block w-full pl-10 sm:text-sm border-gray-300 rounded-md\"\u001b[39m\n                \u001b[33mid\u001b[39m=\u001b[32m\"search\"\u001b[39m\n                \u001b[33mname\u001b[39m=\u001b[32m\"search\"\u001b[39m\n                \u001b[33mplaceholder\u001b[39m=\u001b[32m\"Buscar cursos...\"\u001b[39m\n                \u001b[33mtype\u001b[39m=\u001b[32m\"search\"\u001b[39m\n                \u001b[33mvalue\u001b[39m=\u001b[32m\"\"\u001b[39m\n              \u001b[36m/>\u001b[39m\n            \u001b[36m</div>\u001b[39m\n          \u001b[36m</div>\u001b[39m\n          \u001b[36m<div\u001b[39m\n            \u001b[33mclass\u001b[39m=\u001b[32m\"flex-shrink-0\"\u001b[39m\n          \u001b[36m>\u001b[39m\n            \u001b[36m<label\u001b[39m\n              \u001b[33mclass\u001b[39m=\u001b[32m\"sr-only\"\u001b[39m\n              \u001b[33mfor\u001b[39m=\u001b[32m\"category\"\u001b[39m\n            \u001b[36m>\u001b[39m\n              \u001b[0mFiltrar por categoría\u001b[0m\n            \u001b[36m</label>\u001b[39m\n            \u001b[36m<select\u001b[39m\n              \u001b[33mclass\u001b[39m=\u001b[32m\"focus:ring-primary-500 focus:border-primary-500 block w-full sm:text-sm border-gray-300 rounded-md\"\u001b[39m\n              \u001b[33mid\u001b[39m=\u001b[32m\"category\"\u001b[39m\n              \u001b[33mname\u001b[39m=\u001b[32m\"category\"\u001b[39m\n            \u001b[36m>\u001b[39m\n              \u001b[36m<option\u001b[39m\n                \u001b[33mvalue\u001b[39m=\u001b[32m\"all\"\u001b[39m\n              \u001b[36m>\u001b[39m\n                \u001b[0mTodas las categorías\u001b[0m\n              \u001b[36m</option>\u001b[39m\n              \u001b[36m<option\u001b[39m\n                \u001b[33mvalue\u001b[39m=\u001b[32m\"consulting\"\u001b[39m\n              \u001b[36m>\u001b[39m\n                \u001b[0mConsultoría\u001b[0m\n              \u001b[36m</option>\u001b[39m\n              \u001b[36m<option\u001b[39m\n                \u001b[33mvalue\u001b[39m=\u001b[32m\"management\"\u001b[39m\n              \u001b[36m>\u001b[39m\n                \u001b[0mGestión\u001b[0m\n              \u001b[36m</option>\u001b[39m\n              \u001b[36m<option\u001b[39m\n                \u001b[33mvalue\u001b[39m=\u001b[32m\"operations\"\u001b[39m\n              \u001b[36m>\u001b[39m\n                \u001b[0mOperaciones\u001b[0m\n              \u001b[36m</option>\u001b[39m\n              \u001b[36m<option\u001b[39m\n                \u001b[33mvalue\u001b[39m=\u001b[32m\"safety_training\"\u001b[39m\n              \u001b[36m>\u001b[39m\n                \u001b[0mPrevención de Riesgos\u001b[0m\n              \u001b[36m</option>\u001b[39m\n            \u001b[36m</select>\u001b[39m\n          \u001b[36m</div>\u001b[39m\n        \u001b[36m</div>\u001b[39m\n      \u001b[36m</div>\u001b[39m\n      \u001b[36m<div\u001b[39m\n        \u001b[33mclass\u001b[39m=\u001b[32m\"text-center py-8\"\u001b[39m\n      \u001b[36m>\u001b[39m\n        \u001b[36m<div\u001b[39m\n          \u001b[33mclass\u001b[39m=\u001b[32m\"bg-yellow-50 border border-yellow-200 rounded-lg p-6 max-w-md mx-auto\"\u001b[39m\n        \u001b[36m>\u001b[39m\n          \u001b[36m<svg\u001b[39m\n            \u001b[33mclass\u001b[39m=\u001b[32m\"mx-auto h-12 w-12 text-yellow-400 mb-4\"\u001b[39m\n            \u001b[33mfill\u001b[39m=\u001b[32m\"none\"\u001b[39m\n            \u001b[33mstroke\u001b[39m=\u001b[32m\"currentColor\"\u001b[39m\n            \u001b[33mviewBox\u001b[39m=\u001b[32m\"0 0 24 24\"\u001b[39m\n          \u001b[36m>\u001b[39m\n            \u001b[36m<path\u001b[39m\n              \u001b[33md\u001b[39m=\u001b[32m\"M9.172 16.172a4 4 0 015.656 0M9 12h6m-6-4h6m2 5.291A7.962 7.962 0 0112 15c-2.34 0-4.291-1.007-5.691-2.709M12 15l2-9m5 9a9 9 0 11-18 0 9 9 0 0118 0z\"\u001b[39m\n              \u001b[33mstroke-linecap\u001b[39m=\u001b[32m\"round\"\u001b[39m\n              \u001b[33mstroke-linejoin\u001b[39m=\u001b[32m\"round\"\u001b[39m\n              \u001b[33mstroke-width\u001b[39m=\u001b[32m\"2\"\u001b[39m\n            \u001b[36m/>\u001b[39m\n          \u001b[36m</svg>\u001b[39m\n          \u001b[36m<h3\u001b[39m\n            \u001b[33mclass\u001b[39m=\u001b[32m\"text-lg font-medium text-yellow-800 mb-2\"\u001b[39m\n          \u001b[36m>\u001b[39m\n            \u001b[0mNo se encontraron cursos\u001b[0m\n          \u001b[36m</h3>\u001b[39m\n          \u001b[36m<p\u001b[39m\n            \u001b[33mclass\u001b[39m=\u001b[32m\"text-yellow-700 mb-4\"\u001b[39m\n          \u001b[36m>\u001b[39m\n            \u001b[0mNo hay cursos que coincidan con tu búsqueda. Intenta con diferentes términos o filtros.\u001b[0m\n          \u001b[36m</p>\u001b[39m\n          \u001b[36m<button\u001b[39m\n            \u001b[33mclass\u001b[39m=\u001b[32m\"bg-yellow-600 text-white px-4 py-2 rounded-md hover:bg-yellow-700 transition-colors\"\u001b[39m\n          \u001b[36m>\u001b[39m\n            \u001b[0mLimpiar filtros\u001b[0m\n          \u001b[36m</button>\u001b[39m\n        \u001b[36m</div>\u001b[39m\n      \u001b[36m</div>\u001b[39m\n    \u001b[36m</div>\u001b[39m\n  \u001b[36m</div>\u001b[39m\n\u001b[36m</body>\u001b[39m\n\nIgnored nodes: comments, script, style\n\u001b[36m<html>\u001b[39m\n  \u001b[36m<head />\u001b[39m\n  \u001b[36m<body>\u001b[39m\n    \u001b[36m<div>\u001b[39m\n      \u001b[36m<div\u001b[39m\n        \u001b[33mclass\u001b[39m=\u001b[32m\"space-y-6 pb-10\"\u001b[39m\n      \u001b[36m>\u001b[39m\n        \u001b[36m<header\u001b[39m\n          \u001b[33mclass\u001b[39m=\u001b[32m\"bg-gradient-to-r from-primary-700 to-primary-800 text-white rounded-xl shadow-md p-6 mb-6\"\u001b[39m\n        \u001b[36m>\u001b[39m\n          \u001b[36m<h1\u001b[39m\n            \u001b[33mclass\u001b[39m=\u001b[32m\"text-2xl md:text-3xl font-bold mb-2\"\u001b[39m\n          \u001b[36m>\u001b[39m\n            \u001b[0mCatálogo de Cursos\u001b[0m\n          \u001b[36m</h1>\u001b[39m\n          \u001b[36m<p\u001b[39m\n            \u001b[33mclass\u001b[39m=\u001b[32m\"text-primary-100\"\u001b[39m\n          \u001b[36m>\u001b[39m\n            \u001b[0mExplora nuestra selección de cursos especializados en consultoría y gestión empresarial\u001b[0m\n          \u001b[36m</p>\u001b[39m\n        \u001b[36m</header>\u001b[39m\n        \u001b[36m<div\u001b[39m\n          \u001b[33mclass\u001b[39m=\u001b[32m\"bg-white rounded-xl shadow-sm border border-gray-200 p-4 mb-6\"\u001b[39m\n        \u001b[36m>\u001b[39m\n          \u001b[36m<div\u001b[39m\n            \u001b[33mclass\u001b[39m=\u001b[32m\"flex flex-col md:flex-row gap-4\"\u001b[39m\n          \u001b[36m>\u001b[39m\n            \u001b[36m<div\u001b[39m\n              \u001b[33mclass\u001b[39m=\u001b[32m\"flex-grow\"\u001b[39m\n            \u001b[36m>\u001b[39m\n              \u001b[36m<label\u001b[39m\n                \u001b[33mclass\u001b[39m=\u001b[32m\"sr-only\"\u001b[39m\n                \u001b[33mfor\u001b[39m=\u001b[32m\"search\"\u001b[39m\n              \u001b[36m>\u001b[39m\n                \u001b[0mBuscar cursos\u001b[0m\n              \u001b[36m</label>\u001b[39m\n              \u001b[36m<div\u001b[39m\n                \u001b[33mclass\u001b[39m=\u001b[32m\"relative rounded-md shadow-sm\"\u001b[39m\n              \u001b[36m>\u001b[39m\n                \u001b[36m<div\u001b[39m\n                  \u001b[33mclass\u001b[39m=\u001b[32m\"absolute inset-y-0 left-0 pl-3 flex items-center pointer-events-none\"\u001b[39m\n                \u001b[36m>\u001b[39m\n                  \u001b[36m<svg\u001b[39m\n                    \u001b[33mclass\u001b[39m=\u001b[32m\"h-5 w-5 text-gray-400\"\u001b[39m\n                    \u001b[33mfill\u001b[39m=\u001b[32m\"none\"\u001b[39m\n                    \u001b[33mstroke\u001b[39m=\u001b[32m\"currentColor\"\u001b[39m\n                    \u001b[33mviewBox\u001b[39m=\u001b[32m\"0 0 24 24\"\u001b[39m\n                    \u001b[33mxmlns\u001b[39m=\u001b[32m\"http://www.w3.org/2000/svg\"\u001b[39m\n                  \u001b[36m>\u001b[39m\n                    \u001b[36m<path\u001b[39m\n                      \u001b[33md\u001b[39m=\u001b[32m\"M21 21l-6-6m2-5a7 7 0 11-14 0 7 7 0 0114 0z\"\u001b[39m\n                      \u001b[33mstroke-linecap\u001b[39m=\u001b[32m\"round\"\u001b[39m\n                      \u001b[33mstroke-linejoin\u001b[39m=\u001b[32m\"round\"\u001b[39m\n                      \u001b[33mstroke-width\u001b[39m=\u001b[32m\"2\"\u001b[39m\n                    \u001b[36m/>\u001b[39m\n                  \u001b[36m</svg>\u001b[39m\n                \u001b[36m</div>\u001b[39m\n                \u001b[36m<input\u001b[39m\n                  \u001b[33mclass\u001b[39m=\u001b[32m\"focus:ring-primary-500 focus:border-primary-500 block w-full pl-10 sm:text-sm border-gray-300 rounded-md\"\u001b[39m\n                  \u001b[33mid\u001b[39m=\u001b[32m\"search\"\u001b[39m\n                  \u001b[33mname\u001b[39m=\u001b[32m\"search\"\u001b[39m\n                  \u001b[33mplaceholder\u001b[39m=\u001b[32m\"Buscar cursos...\"\u001b[39m\n                  \u001b[33mtype\u001b[39m=\u001b[32m\"search\"\u001b[39m\n                  \u001b[33mvalue\u001b[39m=\u001b[32m\"\"\u001b[39m\n                \u001b[36m/>\u001b[39m\n              \u001b[36m</div>\u001b[39m\n            \u001b[36m</div>\u001b[39m\n            \u001b[36m<div\u001b[39m\n              \u001b[33mclass\u001b[39m=\u001b[32m\"flex-shrink-0\"\u001b[39m\n            \u001b[36m>\u001b[39m\n              \u001b[36m<label\u001b[39m\n                \u001b[33mclass\u001b[39m=\u001b[32m\"sr-only\"\u001b[39m\n                \u001b[33mfor\u001b[39m=\u001b[32m\"category\"\u001b[39m\n              \u001b[36m>\u001b[39m\n                \u001b[0mFiltrar por categoría\u001b[0m\n              \u001b[36m</label>\u001b[39m\n              \u001b[36m<select\u001b[39m\n                \u001b[33mclass\u001b[39m=\u001b[32m\"focus:ring-primary-500 focus:border-primary-500 block w-full sm:text-sm border-gray-300 rounded-md\"\u001b[39m\n                \u001b[33mid\u001b[39m=\u001b[32m\"category\"\u001b[39m\n                \u001b[33mname\u001b[39m=\u001b[32m\"category\"\u001b[39m\n              \u001b[36m>\u001b[39m\n                \u001b[36m<option\u001b[39m\n                  \u001b[33mvalue\u001b[39m=\u001b[32m\"all\"\u001b[39m\n                \u001b[36m>\u001b[39m\n                  \u001b[0mTodas las categorías\u001b[0m\n                \u001b[36m</option>\u001b[39m\n                \u001b[36m<option\u001b[39m\n                  \u001b[33mvalue\u001b[39m=\u001b[32m\"consulting\"\u001b[39m\n                \u001b[36m>\u001b[39m\n                  \u001b[0mConsultoría\u001b[0m\n                \u001b[36m</option>\u001b[39m\n                \u001b[36m<option\u001b[39m\n                  \u001b[33mvalue\u001b[39m=\u001b[32m\"management\"\u001b[39m\n                \u001b[36m>\u001b[39m\n                  \u001b[0mGestión\u001b[0m\n                \u001b[36m</option>\u001b[39m\n                \u001b[36m<option\u001b[39m\n                  \u001b[33mvalue\u001b[39m=\u001b[32m\"operations\"\u001b[39m\n                \u001b[36m>\u001b[39m\n                  \u001b[0mOperaciones\u001b[0m\n                \u001b[36m</option>\u001b[39m\n                \u001b[36m<option\u001b[39m\n                  \u001b[33mvalue\u001b[39m=\u001b[32m\"safety_training\"\u001b[39m\n                \u001b[36m>\u001b[39m\n                  \u001b[0mPrevención de Riesgos\u001b[0m\n                \u001b[36m</option>\u001b[39m\n              \u001b[36m</select>\u001b[39m\n            \u001b[36m</div>\u001b[39m\n          \u001b[36m</div>\u001b[39m\n        \u001b[36m</div>\u001b[39m\n        \u001b[36m<div\u001b[39m\n          \u001b[33mclass\u001b[39m=\u001b[32m\"text-center py-8\"\u001b[39m\n        \u001b[36m>\u001b[39m\n          \u001b[36m<div\u001b[39m\n            \u001b[33mclass\u001b[39m=\u001b[32m\"bg-yellow-50 border border-yellow-200 rounded-lg p-6 max-w-md mx-auto\"\u001b[39m\n          \u001b[36m>\u001b[39m\n            \u001b[36m<svg\u001b[39m\n              \u001b[33mclass\u001b[39m=\u001b[32m\"mx-auto h-12 w-12 text-yellow-400 mb-4\"\u001b[39m\n              \u001b[33mfill\u001b[39m=\u001b[32m\"none\"\u001b[39m\n              \u001b[33mstroke\u001b[39m=\u001b[32m\"currentColor\"\u001b[39m\n              \u001b[33mviewBox\u001b[39m=\u001b[32m\"0 0 24 24\"\u001b[39m\n            \u001b[36m>\u001b[39m\n              \u001b[36m<path\u001b[39m\n                \u001b[33md\u001b[39m=\u001b[32m\"M9.172 16.172a4 4 0 015.656 0M9 12h6m-6-4h6m2 5.291A7.962 7.962 0 0112 15c-2.34 0-4.291-1.007-5.691-2.709M12 15l2-9m5 9a9 9 0 11-18 0 9 9 0 0118 0z\"\u001b[39m\n                \u001b[33mstroke-linecap\u001b[39m=\u001b[32m\"round\"\u001b[39m\n                \u001b[33mstroke-linejoin\u001b[39m=\u001b[32m\"round\"\u001b[39m\n                \u001b[33mstroke-width\u001b[39m=\u001b[32m\"2\"\u001b[39m\n              \u001b[36m/>\u001b[39m\n            \u001b[36m</svg>\u001b[39m\n            \u001b[36m<h3\u001b[39m\n              \u001b[33mclass\u001b[39m=\u001b[32m\"text-lg font-medium text-yellow-800 mb-2\"\u001b[39m\n            \u001b[36m>\u001b[39m\n              \u001b[0mNo se encontraron cursos\u001b[0m\n            \u001b[36m</h3>\u001b[39m\n            \u001b[36m<p\u001b[39m\n              \u001b[33mclass\u001b[39m=\u001b[32m\"text-yellow-700 mb-4\"\u001b[39m\n            \u001b[36m>\u001b[39m\n              \u001b[0mNo hay cursos que coincidan con tu búsqueda. Intenta con diferentes términos o filtros.\u001b[0m\n            \u001b[36m</p>\u001b[39m\n            \u001b[36m<button\u001b[39m\n              \u001b[33mclass\u001b[39m=\u001b[32m\"bg-yellow-600 text-white px-4 py-2 rounded-md hover:bg-yellow-700 transition-colors\"\u001b[39m\n            \u001b[36m>\u001b[39m\n              \u001b[0mLimpiar filtros\u001b[0m\n            \u001b[36m</button>\u001b[39m\n          \u001b[36m</div>\u001b[39m\n        \u001b[36m</div>\u001b[39m\n      \u001b[36m</div>\u001b[39m\n    \u001b[36m</div>\u001b[39m\n  \u001b[36m</body>\u001b[39m\n\u001b[36m</html>\u001b[39m"],"location":{"line":163,"column":27}},{"ancestorTitles":["","Course Flow Integration","Course Discovery and Enrollment Flow"],"fullName":" Course Flow Integration Course Discovery and Enrollment Flow searches courses by title","status":"passed","title":"searches courses by title","duration":58,"failureMessages":[]},{"ancestorTitles":["","Course Flow Integration","Course Detail View"],"fullName":" Course Flow Integration Course Detail View displays complete course information","status":"failed","title":"displays complete course information","duration":1008,"failureMessages":["Unable to find an element with the text: Complete React Course. This could be because the text is broken up by multiple elements. In this case, you can provide a function for your text matcher to make your matcher more flexible.\n\nIgnored nodes: comments, script, style\n\u001b[36m<body>\u001b[39m\n  \u001b[36m<div>\u001b[39m\n    \u001b[36m<div\u001b[39m\n      \u001b[33mclass\u001b[39m=\u001b[32m\"max-w-md mx-auto text-center py-12 px-4\"\u001b[39m\n    \u001b[36m>\u001b[39m\n      \u001b[36m<div\u001b[39m\n        \u001b[33mclass\u001b[39m=\u001b[32m\"flex justify-center mb-6\"\u001b[39m\n      \u001b[36m>\u001b[39m\n        \u001b[36m<svg\u001b[39m\n          \u001b[33mclass\u001b[39m=\u001b[32m\"w-16 h-16 text-red-400\"\u001b[39m\n          \u001b[33mfill\u001b[39m=\u001b[32m\"none\"\u001b[39m\n          \u001b[33mheight\u001b[39m=\u001b[32m\"24\"\u001b[39m\n          \u001b[33mstroke\u001b[39m=\u001b[32m\"currentColor\"\u001b[39m\n          \u001b[33mstroke-linecap\u001b[39m=\u001b[32m\"round\"\u001b[39m\n          \u001b[33mstroke-linejoin\u001b[39m=\u001b[32m\"round\"\u001b[39m\n          \u001b[33mstroke-width\u001b[39m=\u001b[32m\"2\"\u001b[39m\n          \u001b[33mviewBox\u001b[39m=\u001b[32m\"0 0 24 24\"\u001b[39m\n          \u001b[33mwidth\u001b[39m=\u001b[32m\"24\"\u001b[39m\n          \u001b[33mxmlns\u001b[39m=\u001b[32m\"http://www.w3.org/2000/svg\"\u001b[39m\n        \u001b[36m>\u001b[39m\n          \u001b[36m<path\u001b[39m\n            \u001b[33md\u001b[39m=\u001b[32m\"m21.73 18-8-14a2 2 0 0 0-3.48 0l-8 14A2 2 0 0 0 4 21h16a2 2 0 0 0 1.73-3Z\"\u001b[39m\n          \u001b[36m/>\u001b[39m\n          \u001b[36m<path\u001b[39m\n            \u001b[33md\u001b[39m=\u001b[32m\"M12 9v4\"\u001b[39m\n          \u001b[36m/>\u001b[39m\n          \u001b[36m<path\u001b[39m\n            \u001b[33md\u001b[39m=\u001b[32m\"M12 17h.01\"\u001b[39m\n          \u001b[36m/>\u001b[39m\n        \u001b[36m</svg>\u001b[39m\n      \u001b[36m</div>\u001b[39m\n      \u001b[36m<h2\u001b[39m\n        \u001b[33mclass\u001b[39m=\u001b[32m\"text-2xl font-bold text-gray-900 mb-4\"\u001b[39m\n      \u001b[36m>\u001b[39m\n        \u001b[0mCurso no válido\u001b[0m\n      \u001b[36m</h2>\u001b[39m\n      \u001b[36m<p\u001b[39m\n        \u001b[33mclass\u001b[39m=\u001b[32m\"text-gray-600 mb-2\"\u001b[39m\n      \u001b[36m>\u001b[39m\n        \u001b[0mLa URL del curso no es válida.\u001b[0m\n      \u001b[36m</p>\u001b[39m\n      \u001b[36m<p\u001b[39m\n        \u001b[33mclass\u001b[39m=\u001b[32m\"text-sm text-gray-400 mb-8\"\u001b[39m\n      \u001b[36m>\u001b[39m\n        \u001b[0mError: \u001b[0m\n        \u001b[0mID de curso no válido\u001b[0m\n      \u001b[36m</p>\u001b[39m\n      \u001b[36m<div\u001b[39m\n        \u001b[33mclass\u001b[39m=\u001b[32m\"space-y-3\"\u001b[39m\n      \u001b[36m>\u001b[39m\n        \u001b[36m<div\u001b[39m\n          \u001b[33mclass\u001b[39m=\u001b[32m\"flex space-x-3\"\u001b[39m\n        \u001b[36m>\u001b[39m\n          \u001b[36m<button\u001b[39m\n            \u001b[33mclass\u001b[39m=\u001b[32m\"flex-1 inline-flex items-center justify-center px-4 py-2 bg-gray-100 text-gray-700 font-medium rounded-lg hover:bg-gray-200 focus:outline-none focus:ring-2 focus:ring-gray-500 focus:ring-offset-2 transition-colors duration-200\"\u001b[39m\n          \u001b[36m>\u001b[39m\n            \u001b[36m<svg\u001b[39m\n              \u001b[33mclass\u001b[39m=\u001b[32m\"w-5 h-5 mr-2\"\u001b[39m\n              \u001b[33mfill\u001b[39m=\u001b[32m\"none\"\u001b[39m\n              \u001b[33mheight\u001b[39m=\u001b[32m\"24\"\u001b[39m\n              \u001b[33mstroke\u001b[39m=\u001b[32m\"currentColor\"\u001b[39m\n              \u001b[33mstroke-linecap\u001b[39m=\u001b[32m\"round\"\u001b[39m\n              \u001b[33mstroke-linejoin\u001b[39m=\u001b[32m\"round\"\u001b[39m\n              \u001b[33mstroke-width\u001b[39m=\u001b[32m\"2\"\u001b[39m\n              \u001b[33mviewBox\u001b[39m=\u001b[32m\"0 0 24 24\"\u001b[39m\n              \u001b[33mwidth\u001b[39m=\u001b[32m\"24\"\u001b[39m\n              \u001b[33mxmlns\u001b[39m=\u001b[32m\"http://www.w3.org/2000/svg\"\u001b[39m\n            \u001b[36m>\u001b[39m\n              \u001b[36m<path\u001b[39m\n                \u001b[33md\u001b[39m=\u001b[32m\"m3 9 9-7 9 7v11a2 2 0 0 1-2 2H5a2 2 0 0 1-2-2z\"\u001b[39m\n              \u001b[36m/>\u001b[39m\n              \u001b[36m<polyline\u001b[39m\n                \u001b[33mpoints\u001b[39m=\u001b[32m\"9 22 9 12 15 12 15 22\"\u001b[39m\n              \u001b[36m/>\u001b[39m\n            \u001b[36m</svg>\u001b[39m\n            \u001b[0mInicio\u001b[0m\n          \u001b[36m</button>\u001b[39m\n        \u001b[36m</div>\u001b[39m\n      \u001b[36m</div>\u001b[39m\n    \u001b[36m</div>\u001b[39m\n  \u001b[36m</div>\u001b[39m\n\u001b[36m</body>\u001b[39m\n\nIgnored nodes: comments, script, style\n\u001b[36m<html>\u001b[39m\n  \u001b[36m<head />\u001b[39m\n  \u001b[36m<body>\u001b[39m\n    \u001b[36m<div>\u001b[39m\n      \u001b[36m<div\u001b[39m\n        \u001b[33mclass\u001b[39m=\u001b[32m\"max-w-md mx-auto text-center py-12 px-4\"\u001b[39m\n      \u001b[36m>\u001b[39m\n        \u001b[36m<div\u001b[39m\n          \u001b[33mclass\u001b[39m=\u001b[32m\"flex justify-center mb-6\"\u001b[39m\n        \u001b[36m>\u001b[39m\n          \u001b[36m<svg\u001b[39m\n            \u001b[33mclass\u001b[39m=\u001b[32m\"w-16 h-16 text-red-400\"\u001b[39m\n            \u001b[33mfill\u001b[39m=\u001b[32m\"none\"\u001b[39m\n            \u001b[33mheight\u001b[39m=\u001b[32m\"24\"\u001b[39m\n            \u001b[33mstroke\u001b[39m=\u001b[32m\"currentColor\"\u001b[39m\n            \u001b[33mstroke-linecap\u001b[39m=\u001b[32m\"round\"\u001b[39m\n            \u001b[33mstroke-linejoin\u001b[39m=\u001b[32m\"round\"\u001b[39m\n            \u001b[33mstroke-width\u001b[39m=\u001b[32m\"2\"\u001b[39m\n            \u001b[33mviewBox\u001b[39m=\u001b[32m\"0 0 24 24\"\u001b[39m\n            \u001b[33mwidth\u001b[39m=\u001b[32m\"24\"\u001b[39m\n            \u001b[33mxmlns\u001b[39m=\u001b[32m\"http://www.w3.org/2000/svg\"\u001b[39m\n          \u001b[36m>\u001b[39m\n            \u001b[36m<path\u001b[39m\n              \u001b[33md\u001b[39m=\u001b[32m\"m21.73 18-8-14a2 2 0 0 0-3.48 0l-8 14A2 2 0 0 0 4 21h16a2 2 0 0 0 1.73-3Z\"\u001b[39m\n            \u001b[36m/>\u001b[39m\n            \u001b[36m<path\u001b[39m\n              \u001b[33md\u001b[39m=\u001b[32m\"M12 9v4\"\u001b[39m\n            \u001b[36m/>\u001b[39m\n            \u001b[36m<path\u001b[39m\n              \u001b[33md\u001b[39m=\u001b[32m\"M12 17h.01\"\u001b[39m\n            \u001b[36m/>\u001b[39m\n          \u001b[36m</svg>\u001b[39m\n        \u001b[36m</div>\u001b[39m\n        \u001b[36m<h2\u001b[39m\n          \u001b[33mclass\u001b[39m=\u001b[32m\"text-2xl font-bold text-gray-900 mb-4\"\u001b[39m\n        \u001b[36m>\u001b[39m\n          \u001b[0mCurso no válido\u001b[0m\n        \u001b[36m</h2>\u001b[39m\n        \u001b[36m<p\u001b[39m\n          \u001b[33mclass\u001b[39m=\u001b[32m\"text-gray-600 mb-2\"\u001b[39m\n        \u001b[36m>\u001b[39m\n          \u001b[0mLa URL del curso no es válida.\u001b[0m\n        \u001b[36m</p>\u001b[39m\n        \u001b[36m<p\u001b[39m\n          \u001b[33mclass\u001b[39m=\u001b[32m\"text-sm text-gray-400 mb-8\"\u001b[39m\n        \u001b[36m>\u001b[39m\n          \u001b[0mError: \u001b[0m\n          \u001b[0mID de curso no válido\u001b[0m\n        \u001b[36m</p>\u001b[39m\n        \u001b[36m<div\u001b[39m\n          \u001b[33mclass\u001b[39m=\u001b[32m\"space-y-3\"\u001b[39m\n        \u001b[36m>\u001b[39m\n          \u001b[36m<div\u001b[39m\n            \u001b[33mclass\u001b[39m=\u001b[32m\"flex space-x-3\"\u001b[39m\n          \u001b[36m>\u001b[39m\n            \u001b[36m<button\u001b[39m\n              \u001b[33mclass\u001b[39m=\u001b[32m\"flex-1 inline-flex items-center justify-center px-4 py-2 bg-gray-100 text-gray-700 font-medium rounded-lg hover:bg-gray-200 focus:outline-none focus:ring-2 focus:ring-gray-500 focus:ring-offset-2 transition-colors duration-200\"\u001b[39m\n            \u001b[36m>\u001b[39m\n              \u001b[36m<svg\u001b[39m\n                \u001b[33mclass\u001b[39m=\u001b[32m\"w-5 h-5 mr-2\"\u001b[39m\n                \u001b[33mfill\u001b[39m=\u001b[32m\"none\"\u001b[39m\n                \u001b[33mheight\u001b[39m=\u001b[32m\"24\"\u001b[39m\n                \u001b[33mstroke\u001b[39m=\u001b[32m\"currentColor\"\u001b[39m\n                \u001b[33mstroke-linecap\u001b[39m=\u001b[32m\"round\"\u001b[39m\n                \u001b[33mstroke-linejoin\u001b[39m=\u001b[32m\"round\"\u001b[39m\n                \u001b[33mstroke-width\u001b[39m=\u001b[32m\"2\"\u001b[39m\n                \u001b[33mviewBox\u001b[39m=\u001b[32m\"0 0 24 24\"\u001b[39m\n                \u001b[33mwidth\u001b[39m=\u001b[32m\"24\"\u001b[39m\n                \u001b[33mxmlns\u001b[39m=\u001b[32m\"http://www.w3.org/2000/svg\"\u001b[39m\n              \u001b[36m>\u001b[39m\n                \u001b[36m<path\u001b[39m\n                  \u001b[33md\u001b[39m=\u001b[32m\"m3 9 9-7 9 7v11a2 2 0 0 1-2 2H5a2 2 0 0 1-2-2z\"\u001b[39m\n                \u001b[36m/>\u001b[39m\n                \u001b[36m<polyline\u001b[39m\n                  \u001b[33mpoints\u001b[39m=\u001b[32m\"9 22 9 12 15 12 15 22\"\u001b[39m\n                \u001b[36m/>\u001b[39m\n              \u001b[36m</svg>\u001b[39m\n              \u001b[0mInicio\u001b[0m\n            \u001b[36m</button>\u001b[39m\n          \u001b[36m</div>\u001b[39m\n        \u001b[36m</div>\u001b[39m\n      \u001b[36m</div>\u001b[39m\n    \u001b[36m</div>\u001b[39m\n  \u001b[36m</body>\u001b[39m\n\u001b[36m</html>\u001b[39m"],"location":{"line":163,"column":27}},{"ancestorTitles":["","Course Flow Integration","Course Detail View"],"fullName":" Course Flow Integration Course Detail View handles enrollment process","status":"failed","title":"handles enrollment process","duration":1010,"failureMessages":["Unable to find an element with the text: Complete React Course. This could be because the text is broken up by multiple elements. In this case, you can provide a function for your text matcher to make your matcher more flexible.\n\nIgnored nodes: comments, script, style\n\u001b[36m<body>\u001b[39m\n  \u001b[36m<div>\u001b[39m\n    \u001b[36m<div\u001b[39m\n      \u001b[33mclass\u001b[39m=\u001b[32m\"max-w-md mx-auto text-center py-12 px-4\"\u001b[39m\n    \u001b[36m>\u001b[39m\n      \u001b[36m<div\u001b[39m\n        \u001b[33mclass\u001b[39m=\u001b[32m\"flex justify-center mb-6\"\u001b[39m\n      \u001b[36m>\u001b[39m\n        \u001b[36m<svg\u001b[39m\n          \u001b[33mclass\u001b[39m=\u001b[32m\"w-16 h-16 text-red-400\"\u001b[39m\n          \u001b[33mfill\u001b[39m=\u001b[32m\"none\"\u001b[39m\n          \u001b[33mheight\u001b[39m=\u001b[32m\"24\"\u001b[39m\n          \u001b[33mstroke\u001b[39m=\u001b[32m\"currentColor\"\u001b[39m\n          \u001b[33mstroke-linecap\u001b[39m=\u001b[32m\"round\"\u001b[39m\n          \u001b[33mstroke-linejoin\u001b[39m=\u001b[32m\"round\"\u001b[39m\n          \u001b[33mstroke-width\u001b[39m=\u001b[32m\"2\"\u001b[39m\n          \u001b[33mviewBox\u001b[39m=\u001b[32m\"0 0 24 24\"\u001b[39m\n          \u001b[33mwidth\u001b[39m=\u001b[32m\"24\"\u001b[39m\n          \u001b[33mxmlns\u001b[39m=\u001b[32m\"http://www.w3.org/2000/svg\"\u001b[39m\n        \u001b[36m>\u001b[39m\n          \u001b[36m<path\u001b[39m\n            \u001b[33md\u001b[39m=\u001b[32m\"m21.73 18-8-14a2 2 0 0 0-3.48 0l-8 14A2 2 0 0 0 4 21h16a2 2 0 0 0 1.73-3Z\"\u001b[39m\n          \u001b[36m/>\u001b[39m\n          \u001b[36m<path\u001b[39m\n            \u001b[33md\u001b[39m=\u001b[32m\"M12 9v4\"\u001b[39m\n          \u001b[36m/>\u001b[39m\n          \u001b[36m<path\u001b[39m\n            \u001b[33md\u001b[39m=\u001b[32m\"M12 17h.01\"\u001b[39m\n          \u001b[36m/>\u001b[39m\n        \u001b[36m</svg>\u001b[39m\n      \u001b[36m</div>\u001b[39m\n      \u001b[36m<h2\u001b[39m\n        \u001b[33mclass\u001b[39m=\u001b[32m\"text-2xl font-bold text-gray-900 mb-4\"\u001b[39m\n      \u001b[36m>\u001b[39m\n        \u001b[0mCurso no válido\u001b[0m\n      \u001b[36m</h2>\u001b[39m\n      \u001b[36m<p\u001b[39m\n        \u001b[33mclass\u001b[39m=\u001b[32m\"text-gray-600 mb-2\"\u001b[39m\n      \u001b[36m>\u001b[39m\n        \u001b[0mLa URL del curso no es válida.\u001b[0m\n      \u001b[36m</p>\u001b[39m\n      \u001b[36m<p\u001b[39m\n        \u001b[33mclass\u001b[39m=\u001b[32m\"text-sm text-gray-400 mb-8\"\u001b[39m\n      \u001b[36m>\u001b[39m\n        \u001b[0mError: \u001b[0m\n        \u001b[0mID de curso no válido\u001b[0m\n      \u001b[36m</p>\u001b[39m\n      \u001b[36m<div\u001b[39m\n        \u001b[33mclass\u001b[39m=\u001b[32m\"space-y-3\"\u001b[39m\n      \u001b[36m>\u001b[39m\n        \u001b[36m<div\u001b[39m\n          \u001b[33mclass\u001b[39m=\u001b[32m\"flex space-x-3\"\u001b[39m\n        \u001b[36m>\u001b[39m\n          \u001b[36m<button\u001b[39m\n            \u001b[33mclass\u001b[39m=\u001b[32m\"flex-1 inline-flex items-center justify-center px-4 py-2 bg-gray-100 text-gray-700 font-medium rounded-lg hover:bg-gray-200 focus:outline-none focus:ring-2 focus:ring-gray-500 focus:ring-offset-2 transition-colors duration-200\"\u001b[39m\n          \u001b[36m>\u001b[39m\n            \u001b[36m<svg\u001b[39m\n              \u001b[33mclass\u001b[39m=\u001b[32m\"w-5 h-5 mr-2\"\u001b[39m\n              \u001b[33mfill\u001b[39m=\u001b[32m\"none\"\u001b[39m\n              \u001b[33mheight\u001b[39m=\u001b[32m\"24\"\u001b[39m\n              \u001b[33mstroke\u001b[39m=\u001b[32m\"currentColor\"\u001b[39m\n              \u001b[33mstroke-linecap\u001b[39m=\u001b[32m\"round\"\u001b[39m\n              \u001b[33mstroke-linejoin\u001b[39m=\u001b[32m\"round\"\u001b[39m\n              \u001b[33mstroke-width\u001b[39m=\u001b[32m\"2\"\u001b[39m\n              \u001b[33mviewBox\u001b[39m=\u001b[32m\"0 0 24 24\"\u001b[39m\n              \u001b[33mwidth\u001b[39m=\u001b[32m\"24\"\u001b[39m\n              \u001b[33mxmlns\u001b[39m=\u001b[32m\"http://www.w3.org/2000/svg\"\u001b[39m\n            \u001b[36m>\u001b[39m\n              \u001b[36m<path\u001b[39m\n                \u001b[33md\u001b[39m=\u001b[32m\"m3 9 9-7 9 7v11a2 2 0 0 1-2 2H5a2 2 0 0 1-2-2z\"\u001b[39m\n              \u001b[36m/>\u001b[39m\n              \u001b[36m<polyline\u001b[39m\n                \u001b[33mpoints\u001b[39m=\u001b[32m\"9 22 9 12 15 12 15 22\"\u001b[39m\n              \u001b[36m/>\u001b[39m\n            \u001b[36m</svg>\u001b[39m\n            \u001b[0mInicio\u001b[0m\n          \u001b[36m</button>\u001b[39m\n        \u001b[36m</div>\u001b[39m\n      \u001b[36m</div>\u001b[39m\n    \u001b[36m</div>\u001b[39m\n  \u001b[36m</div>\u001b[39m\n\u001b[36m</body>\u001b[39m\n\nIgnored nodes: comments, script, style\n\u001b[36m<html>\u001b[39m\n  \u001b[36m<head />\u001b[39m\n  \u001b[36m<body>\u001b[39m\n    \u001b[36m<div>\u001b[39m\n      \u001b[36m<div\u001b[39m\n        \u001b[33mclass\u001b[39m=\u001b[32m\"max-w-md mx-auto text-center py-12 px-4\"\u001b[39m\n      \u001b[36m>\u001b[39m\n        \u001b[36m<div\u001b[39m\n          \u001b[33mclass\u001b[39m=\u001b[32m\"flex justify-center mb-6\"\u001b[39m\n        \u001b[36m>\u001b[39m\n          \u001b[36m<svg\u001b[39m\n            \u001b[33mclass\u001b[39m=\u001b[32m\"w-16 h-16 text-red-400\"\u001b[39m\n            \u001b[33mfill\u001b[39m=\u001b[32m\"none\"\u001b[39m\n            \u001b[33mheight\u001b[39m=\u001b[32m\"24\"\u001b[39m\n            \u001b[33mstroke\u001b[39m=\u001b[32m\"currentColor\"\u001b[39m\n            \u001b[33mstroke-linecap\u001b[39m=\u001b[32m\"round\"\u001b[39m\n            \u001b[33mstroke-linejoin\u001b[39m=\u001b[32m\"round\"\u001b[39m\n            \u001b[33mstroke-width\u001b[39m=\u001b[32m\"2\"\u001b[39m\n            \u001b[33mviewBox\u001b[39m=\u001b[32m\"0 0 24 24\"\u001b[39m\n            \u001b[33mwidth\u001b[39m=\u001b[32m\"24\"\u001b[39m\n            \u001b[33mxmlns\u001b[39m=\u001b[32m\"http://www.w3.org/2000/svg\"\u001b[39m\n          \u001b[36m>\u001b[39m\n            \u001b[36m<path\u001b[39m\n              \u001b[33md\u001b[39m=\u001b[32m\"m21.73 18-8-14a2 2 0 0 0-3.48 0l-8 14A2 2 0 0 0 4 21h16a2 2 0 0 0 1.73-3Z\"\u001b[39m\n            \u001b[36m/>\u001b[39m\n            \u001b[36m<path\u001b[39m\n              \u001b[33md\u001b[39m=\u001b[32m\"M12 9v4\"\u001b[39m\n            \u001b[36m/>\u001b[39m\n            \u001b[36m<path\u001b[39m\n              \u001b[33md\u001b[39m=\u001b[32m\"M12 17h.01\"\u001b[39m\n            \u001b[36m/>\u001b[39m\n          \u001b[36m</svg>\u001b[39m\n        \u001b[36m</div>\u001b[39m\n        \u001b[36m<h2\u001b[39m\n          \u001b[33mclass\u001b[39m=\u001b[32m\"text-2xl font-bold text-gray-900 mb-4\"\u001b[39m\n        \u001b[36m>\u001b[39m\n          \u001b[0mCurso no válido\u001b[0m\n        \u001b[36m</h2>\u001b[39m\n        \u001b[36m<p\u001b[39m\n          \u001b[33mclass\u001b[39m=\u001b[32m\"text-gray-600 mb-2\"\u001b[39m\n        \u001b[36m>\u001b[39m\n          \u001b[0mLa URL del curso no es válida.\u001b[0m\n        \u001b[36m</p>\u001b[39m\n        \u001b[36m<p\u001b[39m\n          \u001b[33mclass\u001b[39m=\u001b[32m\"text-sm text-gray-400 mb-8\"\u001b[39m\n        \u001b[36m>\u001b[39m\n          \u001b[0mError: \u001b[0m\n          \u001b[0mID de curso no válido\u001b[0m\n        \u001b[36m</p>\u001b[39m\n        \u001b[36m<div\u001b[39m\n          \u001b[33mclass\u001b[39m=\u001b[32m\"space-y-3\"\u001b[39m\n        \u001b[36m>\u001b[39m\n          \u001b[36m<div\u001b[39m\n            \u001b[33mclass\u001b[39m=\u001b[32m\"flex space-x-3\"\u001b[39m\n          \u001b[36m>\u001b[39m\n            \u001b[36m<button\u001b[39m\n              \u001b[33mclass\u001b[39m=\u001b[32m\"flex-1 inline-flex items-center justify-center px-4 py-2 bg-gray-100 text-gray-700 font-medium rounded-lg hover:bg-gray-200 focus:outline-none focus:ring-2 focus:ring-gray-500 focus:ring-offset-2 transition-colors duration-200\"\u001b[39m\n            \u001b[36m>\u001b[39m\n              \u001b[36m<svg\u001b[39m\n                \u001b[33mclass\u001b[39m=\u001b[32m\"w-5 h-5 mr-2\"\u001b[39m\n                \u001b[33mfill\u001b[39m=\u001b[32m\"none\"\u001b[39m\n                \u001b[33mheight\u001b[39m=\u001b[32m\"24\"\u001b[39m\n                \u001b[33mstroke\u001b[39m=\u001b[32m\"currentColor\"\u001b[39m\n                \u001b[33mstroke-linecap\u001b[39m=\u001b[32m\"round\"\u001b[39m\n                \u001b[33mstroke-linejoin\u001b[39m=\u001b[32m\"round\"\u001b[39m\n                \u001b[33mstroke-width\u001b[39m=\u001b[32m\"2\"\u001b[39m\n                \u001b[33mviewBox\u001b[39m=\u001b[32m\"0 0 24 24\"\u001b[39m\n                \u001b[33mwidth\u001b[39m=\u001b[32m\"24\"\u001b[39m\n                \u001b[33mxmlns\u001b[39m=\u001b[32m\"http://www.w3.org/2000/svg\"\u001b[39m\n              \u001b[36m>\u001b[39m\n                \u001b[36m<path\u001b[39m\n                  \u001b[33md\u001b[39m=\u001b[32m\"m3 9 9-7 9 7v11a2 2 0 0 1-2 2H5a2 2 0 0 1-2-2z\"\u001b[39m\n                \u001b[36m/>\u001b[39m\n                \u001b[36m<polyline\u001b[39m\n                  \u001b[33mpoints\u001b[39m=\u001b[32m\"9 22 9 12 15 12 15 22\"\u001b[39m\n                \u001b[36m/>\u001b[39m\n              \u001b[36m</svg>\u001b[39m\n              \u001b[0mInicio\u001b[0m\n            \u001b[36m</button>\u001b[39m\n          \u001b[36m</div>\u001b[39m\n        \u001b[36m</div>\u001b[39m\n      \u001b[36m</div>\u001b[39m\n    \u001b[36m</div>\u001b[39m\n  \u001b[36m</body>\u001b[39m\n\u001b[36m</html>\u001b[39m"],"location":{"line":163,"column":27}},{"ancestorTitles":["","Course Flow Integration","Error Handling"],"fullName":" Course Flow Integration Error Handling handles course not found gracefully","status":"failed","title":"handles course not found gracefully","duration":1008,"failureMessages":["Unable to find an element with the text: /course not found/i. This could be because the text is broken up by multiple elements. In this case, you can provide a function for your text matcher to make your matcher more flexible.\n\nIgnored nodes: comments, script, style\n\u001b[36m<body>\u001b[39m\n  \u001b[36m<div>\u001b[39m\n    \u001b[36m<div\u001b[39m\n      \u001b[33mclass\u001b[39m=\u001b[32m\"max-w-md mx-auto text-center py-12 px-4\"\u001b[39m\n    \u001b[36m>\u001b[39m\n      \u001b[36m<div\u001b[39m\n        \u001b[33mclass\u001b[39m=\u001b[32m\"flex justify-center mb-6\"\u001b[39m\n      \u001b[36m>\u001b[39m\n        \u001b[36m<svg\u001b[39m\n          \u001b[33mclass\u001b[39m=\u001b[32m\"w-16 h-16 text-red-400\"\u001b[39m\n          \u001b[33mfill\u001b[39m=\u001b[32m\"none\"\u001b[39m\n          \u001b[33mheight\u001b[39m=\u001b[32m\"24\"\u001b[39m\n          \u001b[33mstroke\u001b[39m=\u001b[32m\"currentColor\"\u001b[39m\n          \u001b[33mstroke-linecap\u001b[39m=\u001b[32m\"round\"\u001b[39m\n          \u001b[33mstroke-linejoin\u001b[39m=\u001b[32m\"round\"\u001b[39m\n          \u001b[33mstroke-width\u001b[39m=\u001b[32m\"2\"\u001b[39m\n          \u001b[33mviewBox\u001b[39m=\u001b[32m\"0 0 24 24\"\u001b[39m\n          \u001b[33mwidth\u001b[39m=\u001b[32m\"24\"\u001b[39m\n          \u001b[33mxmlns\u001b[39m=\u001b[32m\"http://www.w3.org/2000/svg\"\u001b[39m\n        \u001b[36m>\u001b[39m\n          \u001b[36m<path\u001b[39m\n            \u001b[33md\u001b[39m=\u001b[32m\"m21.73 18-8-14a2 2 0 0 0-3.48 0l-8 14A2 2 0 0 0 4 21h16a2 2 0 0 0 1.73-3Z\"\u001b[39m\n          \u001b[36m/>\u001b[39m\n          \u001b[36m<path\u001b[39m\n            \u001b[33md\u001b[39m=\u001b[32m\"M12 9v4\"\u001b[39m\n          \u001b[36m/>\u001b[39m\n          \u001b[36m<path\u001b[39m\n            \u001b[33md\u001b[39m=\u001b[32m\"M12 17h.01\"\u001b[39m\n          \u001b[36m/>\u001b[39m\n        \u001b[36m</svg>\u001b[39m\n      \u001b[36m</div>\u001b[39m\n      \u001b[36m<h2\u001b[39m\n        \u001b[33mclass\u001b[39m=\u001b[32m\"text-2xl font-bold text-gray-900 mb-4\"\u001b[39m\n      \u001b[36m>\u001b[39m\n        \u001b[0mCurso no válido\u001b[0m\n      \u001b[36m</h2>\u001b[39m\n      \u001b[36m<p\u001b[39m\n        \u001b[33mclass\u001b[39m=\u001b[32m\"text-gray-600 mb-2\"\u001b[39m\n      \u001b[36m>\u001b[39m\n        \u001b[0mLa URL del curso no es válida.\u001b[0m\n      \u001b[36m</p>\u001b[39m\n      \u001b[36m<p\u001b[39m\n        \u001b[33mclass\u001b[39m=\u001b[32m\"text-sm text-gray-400 mb-8\"\u001b[39m\n      \u001b[36m>\u001b[39m\n        \u001b[0mError: \u001b[0m\n        \u001b[0mID de curso no válido\u001b[0m\n      \u001b[36m</p>\u001b[39m\n      \u001b[36m<div\u001b[39m\n        \u001b[33mclass\u001b[39m=\u001b[32m\"space-y-3\"\u001b[39m\n      \u001b[36m>\u001b[39m\n        \u001b[36m<div\u001b[39m\n          \u001b[33mclass\u001b[39m=\u001b[32m\"flex space-x-3\"\u001b[39m\n        \u001b[36m>\u001b[39m\n          \u001b[36m<button\u001b[39m\n            \u001b[33mclass\u001b[39m=\u001b[32m\"flex-1 inline-flex items-center justify-center px-4 py-2 bg-gray-100 text-gray-700 font-medium rounded-lg hover:bg-gray-200 focus:outline-none focus:ring-2 focus:ring-gray-500 focus:ring-offset-2 transition-colors duration-200\"\u001b[39m\n          \u001b[36m>\u001b[39m\n            \u001b[36m<svg\u001b[39m\n              \u001b[33mclass\u001b[39m=\u001b[32m\"w-5 h-5 mr-2\"\u001b[39m\n              \u001b[33mfill\u001b[39m=\u001b[32m\"none\"\u001b[39m\n              \u001b[33mheight\u001b[39m=\u001b[32m\"24\"\u001b[39m\n              \u001b[33mstroke\u001b[39m=\u001b[32m\"currentColor\"\u001b[39m\n              \u001b[33mstroke-linecap\u001b[39m=\u001b[32m\"round\"\u001b[39m\n              \u001b[33mstroke-linejoin\u001b[39m=\u001b[32m\"round\"\u001b[39m\n              \u001b[33mstroke-width\u001b[39m=\u001b[32m\"2\"\u001b[39m\n              \u001b[33mviewBox\u001b[39m=\u001b[32m\"0 0 24 24\"\u001b[39m\n              \u001b[33mwidth\u001b[39m=\u001b[32m\"24\"\u001b[39m\n              \u001b[33mxmlns\u001b[39m=\u001b[32m\"http://www.w3.org/2000/svg\"\u001b[39m\n            \u001b[36m>\u001b[39m\n              \u001b[36m<path\u001b[39m\n                \u001b[33md\u001b[39m=\u001b[32m\"m3 9 9-7 9 7v11a2 2 0 0 1-2 2H5a2 2 0 0 1-2-2z\"\u001b[39m\n              \u001b[36m/>\u001b[39m\n              \u001b[36m<polyline\u001b[39m\n                \u001b[33mpoints\u001b[39m=\u001b[32m\"9 22 9 12 15 12 15 22\"\u001b[39m\n              \u001b[36m/>\u001b[39m\n            \u001b[36m</svg>\u001b[39m\n            \u001b[0mInicio\u001b[0m\n          \u001b[36m</button>\u001b[39m\n        \u001b[36m</div>\u001b[39m\n      \u001b[36m</div>\u001b[39m\n    \u001b[36m</div>\u001b[39m\n  \u001b[36m</div>\u001b[39m\n\u001b[36m</body>\u001b[39m\n\nIgnored nodes: comments, script, style\n\u001b[36m<html>\u001b[39m\n  \u001b[36m<head />\u001b[39m\n  \u001b[36m<body>\u001b[39m\n    \u001b[36m<div>\u001b[39m\n      \u001b[36m<div\u001b[39m\n        \u001b[33mclass\u001b[39m=\u001b[32m\"max-w-md mx-auto text-center py-12 px-4\"\u001b[39m\n      \u001b[36m>\u001b[39m\n        \u001b[36m<div\u001b[39m\n          \u001b[33mclass\u001b[39m=\u001b[32m\"flex justify-center mb-6\"\u001b[39m\n        \u001b[36m>\u001b[39m\n          \u001b[36m<svg\u001b[39m\n            \u001b[33mclass\u001b[39m=\u001b[32m\"w-16 h-16 text-red-400\"\u001b[39m\n            \u001b[33mfill\u001b[39m=\u001b[32m\"none\"\u001b[39m\n            \u001b[33mheight\u001b[39m=\u001b[32m\"24\"\u001b[39m\n            \u001b[33mstroke\u001b[39m=\u001b[32m\"currentColor\"\u001b[39m\n            \u001b[33mstroke-linecap\u001b[39m=\u001b[32m\"round\"\u001b[39m\n            \u001b[33mstroke-linejoin\u001b[39m=\u001b[32m\"round\"\u001b[39m\n            \u001b[33mstroke-width\u001b[39m=\u001b[32m\"2\"\u001b[39m\n            \u001b[33mviewBox\u001b[39m=\u001b[32m\"0 0 24 24\"\u001b[39m\n            \u001b[33mwidth\u001b[39m=\u001b[32m\"24\"\u001b[39m\n            \u001b[33mxmlns\u001b[39m=\u001b[32m\"http://www.w3.org/2000/svg\"\u001b[39m\n          \u001b[36m>\u001b[39m\n            \u001b[36m<path\u001b[39m\n              \u001b[33md\u001b[39m=\u001b[32m\"m21.73 18-8-14a2 2 0 0 0-3.48 0l-8 14A2 2 0 0 0 4 21h16a2 2 0 0 0 1.73-3Z\"\u001b[39m\n            \u001b[36m/>\u001b[39m\n            \u001b[36m<path\u001b[39m\n              \u001b[33md\u001b[39m=\u001b[32m\"M12 9v4\"\u001b[39m\n            \u001b[36m/>\u001b[39m\n            \u001b[36m<path\u001b[39m\n              \u001b[33md\u001b[39m=\u001b[32m\"M12 17h.01\"\u001b[39m\n            \u001b[36m/>\u001b[39m\n          \u001b[36m</svg>\u001b[39m\n        \u001b[36m</div>\u001b[39m\n        \u001b[36m<h2\u001b[39m\n          \u001b[33mclass\u001b[39m=\u001b[32m\"text-2xl font-bold text-gray-900 mb-4\"\u001b[39m\n        \u001b[36m>\u001b[39m\n          \u001b[0mCurso no válido\u001b[0m\n        \u001b[36m</h2>\u001b[39m\n        \u001b[36m<p\u001b[39m\n          \u001b[33mclass\u001b[39m=\u001b[32m\"text-gray-600 mb-2\"\u001b[39m\n        \u001b[36m>\u001b[39m\n          \u001b[0mLa URL del curso no es válida.\u001b[0m\n        \u001b[36m</p>\u001b[39m\n        \u001b[36m<p\u001b[39m\n          \u001b[33mclass\u001b[39m=\u001b[32m\"text-sm text-gray-400 mb-8\"\u001b[39m\n        \u001b[36m>\u001b[39m\n          \u001b[0mError: \u001b[0m\n          \u001b[0mID de curso no válido\u001b[0m\n        \u001b[36m</p>\u001b[39m\n        \u001b[36m<div\u001b[39m\n          \u001b[33mclass\u001b[39m=\u001b[32m\"space-y-3\"\u001b[39m\n        \u001b[36m>\u001b[39m\n          \u001b[36m<div\u001b[39m\n            \u001b[33mclass\u001b[39m=\u001b[32m\"flex space-x-3\"\u001b[39m\n          \u001b[36m>\u001b[39m\n            \u001b[36m<button\u001b[39m\n              \u001b[33mclass\u001b[39m=\u001b[32m\"flex-1 inline-flex items-center justify-center px-4 py-2 bg-gray-100 text-gray-700 font-medium rounded-lg hover:bg-gray-200 focus:outline-none focus:ring-2 focus:ring-gray-500 focus:ring-offset-2 transition-colors duration-200\"\u001b[39m\n            \u001b[36m>\u001b[39m\n              \u001b[36m<svg\u001b[39m\n                \u001b[33mclass\u001b[39m=\u001b[32m\"w-5 h-5 mr-2\"\u001b[39m\n                \u001b[33mfill\u001b[39m=\u001b[32m\"none\"\u001b[39m\n                \u001b[33mheight\u001b[39m=\u001b[32m\"24\"\u001b[39m\n                \u001b[33mstroke\u001b[39m=\u001b[32m\"currentColor\"\u001b[39m\n                \u001b[33mstroke-linecap\u001b[39m=\u001b[32m\"round\"\u001b[39m\n                \u001b[33mstroke-linejoin\u001b[39m=\u001b[32m\"round\"\u001b[39m\n                \u001b[33mstroke-width\u001b[39m=\u001b[32m\"2\"\u001b[39m\n                \u001b[33mviewBox\u001b[39m=\u001b[32m\"0 0 24 24\"\u001b[39m\n                \u001b[33mwidth\u001b[39m=\u001b[32m\"24\"\u001b[39m\n                \u001b[33mxmlns\u001b[39m=\u001b[32m\"http://www.w3.org/2000/svg\"\u001b[39m\n              \u001b[36m>\u001b[39m\n                \u001b[36m<path\u001b[39m\n                  \u001b[33md\u001b[39m=\u001b[32m\"m3 9 9-7 9 7v11a2 2 0 0 1-2 2H5a2 2 0 0 1-2-2z\"\u001b[39m\n                \u001b[36m/>\u001b[39m\n                \u001b[36m<polyline\u001b[39m\n                  \u001b[33mpoints\u001b[39m=\u001b[32m\"9 22 9 12 15 12 15 22\"\u001b[39m\n                \u001b[36m/>\u001b[39m\n              \u001b[36m</svg>\u001b[39m\n              \u001b[0mInicio\u001b[0m\n            \u001b[36m</button>\u001b[39m\n          \u001b[36m</div>\u001b[39m\n        \u001b[36m</div>\u001b[39m\n      \u001b[36m</div>\u001b[39m\n    \u001b[36m</div>\u001b[39m\n  \u001b[36m</body>\u001b[39m\n\u001b[36m</html>\u001b[39m"],"location":{"line":163,"column":27}},{"ancestorTitles":["","Course Flow Integration","Error Handling"],"fullName":" Course Flow Integration Error Handling handles network errors in course listing","status":"failed","title":"handles network errors in course listing","duration":1008,"failureMessages":["Unable to find an element with the text: /error loading courses/i. This could be because the text is broken up by multiple elements. In this case, you can provide a function for your text matcher to make your matcher more flexible.\n\nIgnored nodes: comments, script, style\n\u001b[36m<body>\u001b[39m\n  \u001b[36m<div>\u001b[39m\n    \u001b[36m<div\u001b[39m\n      \u001b[33mclass\u001b[39m=\u001b[32m\"text-center py-12\"\u001b[39m\n    \u001b[36m>\u001b[39m\n      \u001b[36m<div\u001b[39m\n        \u001b[33mclass\u001b[39m=\u001b[32m\"bg-red-50 border border-red-200 rounded-lg p-6 max-w-md mx-auto\"\u001b[39m\n      \u001b[36m>\u001b[39m\n        \u001b[36m<svg\u001b[39m\n          \u001b[33mclass\u001b[39m=\u001b[32m\"mx-auto h-12 w-12 text-red-400 mb-4\"\u001b[39m\n          \u001b[33mfill\u001b[39m=\u001b[32m\"none\"\u001b[39m\n          \u001b[33mstroke\u001b[39m=\u001b[32m\"currentColor\"\u001b[39m\n          \u001b[33mviewBox\u001b[39m=\u001b[32m\"0 0 24 24\"\u001b[39m\n        \u001b[36m>\u001b[39m\n          \u001b[36m<path\u001b[39m\n            \u001b[33md\u001b[39m=\u001b[32m\"M12 8v4m0 4h.01M21 12a9 9 0 11-18 0 9 9 0 0118 0z\"\u001b[39m\n            \u001b[33mstroke-linecap\u001b[39m=\u001b[32m\"round\"\u001b[39m\n            \u001b[33mstroke-linejoin\u001b[39m=\u001b[32m\"round\"\u001b[39m\n            \u001b[33mstroke-width\u001b[39m=\u001b[32m\"2\"\u001b[39m\n          \u001b[36m/>\u001b[39m\n        \u001b[36m</svg>\u001b[39m\n        \u001b[36m<h3\u001b[39m\n          \u001b[33mclass\u001b[39m=\u001b[32m\"text-lg font-medium text-red-800 mb-2\"\u001b[39m\n        \u001b[36m>\u001b[39m\n          \u001b[0mError al cargar cursos\u001b[0m\n        \u001b[36m</h3>\u001b[39m\n        \u001b[36m<p\u001b[39m\n          \u001b[33mclass\u001b[39m=\u001b[32m\"text-red-600 mb-4\"\u001b[39m\n        \u001b[36m>\u001b[39m\n          \u001b[0mError al obtener cursos disponibles\u001b[0m\n        \u001b[36m</p>\u001b[39m\n        \u001b[36m<button\u001b[39m\n          \u001b[33mclass\u001b[39m=\u001b[32m\"bg-red-600 text-white px-4 py-2 rounded-md hover:bg-red-700 transition-colors\"\u001b[39m\n        \u001b[36m>\u001b[39m\n          \u001b[0mReintentar\u001b[0m\n        \u001b[36m</button>\u001b[39m\n      \u001b[36m</div>\u001b[39m\n    \u001b[36m</div>\u001b[39m\n  \u001b[36m</div>\u001b[39m\n\u001b[36m</body>\u001b[39m\n\nIgnored nodes: comments, script, style\n\u001b[36m<html>\u001b[39m\n  \u001b[36m<head />\u001b[39m\n  \u001b[36m<body>\u001b[39m\n    \u001b[36m<div>\u001b[39m\n      \u001b[36m<div\u001b[39m\n        \u001b[33mclass\u001b[39m=\u001b[32m\"text-center py-12\"\u001b[39m\n      \u001b[36m>\u001b[39m\n        \u001b[36m<div\u001b[39m\n          \u001b[33mclass\u001b[39m=\u001b[32m\"bg-red-50 border border-red-200 rounded-lg p-6 max-w-md mx-auto\"\u001b[39m\n        \u001b[36m>\u001b[39m\n          \u001b[36m<svg\u001b[39m\n            \u001b[33mclass\u001b[39m=\u001b[32m\"mx-auto h-12 w-12 text-red-400 mb-4\"\u001b[39m\n            \u001b[33mfill\u001b[39m=\u001b[32m\"none\"\u001b[39m\n            \u001b[33mstroke\u001b[39m=\u001b[32m\"currentColor\"\u001b[39m\n            \u001b[33mviewBox\u001b[39m=\u001b[32m\"0 0 24 24\"\u001b[39m\n          \u001b[36m>\u001b[39m\n            \u001b[36m<path\u001b[39m\n              \u001b[33md\u001b[39m=\u001b[32m\"M12 8v4m0 4h.01M21 12a9 9 0 11-18 0 9 9 0 0118 0z\"\u001b[39m\n              \u001b[33mstroke-linecap\u001b[39m=\u001b[32m\"round\"\u001b[39m\n              \u001b[33mstroke-linejoin\u001b[39m=\u001b[32m\"round\"\u001b[39m\n              \u001b[33mstroke-width\u001b[39m=\u001b[32m\"2\"\u001b[39m\n            \u001b[36m/>\u001b[39m\n          \u001b[36m</svg>\u001b[39m\n          \u001b[36m<h3\u001b[39m\n            \u001b[33mclass\u001b[39m=\u001b[32m\"text-lg font-medium text-red-800 mb-2\"\u001b[39m\n          \u001b[36m>\u001b[39m\n            \u001b[0mError al cargar cursos\u001b[0m\n          \u001b[36m</h3>\u001b[39m\n          \u001b[36m<p\u001b[39m\n            \u001b[33mclass\u001b[39m=\u001b[32m\"text-red-600 mb-4\"\u001b[39m\n          \u001b[36m>\u001b[39m\n            \u001b[0mError al obtener cursos disponibles\u001b[0m\n          \u001b[36m</p>\u001b[39m\n          \u001b[36m<button\u001b[39m\n            \u001b[33mclass\u001b[39m=\u001b[32m\"bg-red-600 text-white px-4 py-2 rounded-md hover:bg-red-700 transition-colors\"\u001b[39m\n          \u001b[36m>\u001b[39m\n            \u001b[0mReintentar\u001b[0m\n          \u001b[36m</button>\u001b[39m\n        \u001b[36m</div>\u001b[39m\n      \u001b[36m</div>\u001b[39m\n    \u001b[36m</div>\u001b[39m\n  \u001b[36m</body>\u001b[39m\n\u001b[36m</html>\u001b[39m"],"location":{"line":163,"column":27}},{"ancestorTitles":["","Course Flow Integration","Error Handling"],"fullName":" Course Flow Integration Error Handling handles enrollment errors","status":"failed","title":"handles enrollment errors","duration":1009,"failureMessages":["Unable to find role=\"button\" and name `/enroll/i`\n\nIgnored nodes: comments, script, style\n\u001b[36m<body>\u001b[39m\n  \u001b[36m<div>\u001b[39m\n    \u001b[36m<div\u001b[39m\n      \u001b[33mclass\u001b[39m=\u001b[32m\"max-w-md mx-auto text-center py-12 px-4\"\u001b[39m\n    \u001b[36m>\u001b[39m\n      \u001b[36m<div\u001b[39m\n        \u001b[33mclass\u001b[39m=\u001b[32m\"flex justify-center mb-6\"\u001b[39m\n      \u001b[36m>\u001b[39m\n        \u001b[36m<svg\u001b[39m\n          \u001b[33mclass\u001b[39m=\u001b[32m\"w-16 h-16 text-red-400\"\u001b[39m\n          \u001b[33mfill\u001b[39m=\u001b[32m\"none\"\u001b[39m\n          \u001b[33mheight\u001b[39m=\u001b[32m\"24\"\u001b[39m\n          \u001b[33mstroke\u001b[39m=\u001b[32m\"currentColor\"\u001b[39m\n          \u001b[33mstroke-linecap\u001b[39m=\u001b[32m\"round\"\u001b[39m\n          \u001b[33mstroke-linejoin\u001b[39m=\u001b[32m\"round\"\u001b[39m\n          \u001b[33mstroke-width\u001b[39m=\u001b[32m\"2\"\u001b[39m\n          \u001b[33mviewBox\u001b[39m=\u001b[32m\"0 0 24 24\"\u001b[39m\n          \u001b[33mwidth\u001b[39m=\u001b[32m\"24\"\u001b[39m\n          \u001b[33mxmlns\u001b[39m=\u001b[32m\"http://www.w3.org/2000/svg\"\u001b[39m\n        \u001b[36m>\u001b[39m\n          \u001b[36m<path\u001b[39m\n            \u001b[33md\u001b[39m=\u001b[32m\"m21.73 18-8-14a2 2 0 0 0-3.48 0l-8 14A2 2 0 0 0 4 21h16a2 2 0 0 0 1.73-3Z\"\u001b[39m\n          \u001b[36m/>\u001b[39m\n          \u001b[36m<path\u001b[39m\n            \u001b[33md\u001b[39m=\u001b[32m\"M12 9v4\"\u001b[39m\n          \u001b[36m/>\u001b[39m\n          \u001b[36m<path\u001b[39m\n            \u001b[33md\u001b[39m=\u001b[32m\"M12 17h.01\"\u001b[39m\n          \u001b[36m/>\u001b[39m\n        \u001b[36m</svg>\u001b[39m\n      \u001b[36m</div>\u001b[39m\n      \u001b[36m<h2\u001b[39m\n        \u001b[33mclass\u001b[39m=\u001b[32m\"text-2xl font-bold text-gray-900 mb-4\"\u001b[39m\n      \u001b[36m>\u001b[39m\n        \u001b[0mCurso no válido\u001b[0m\n      \u001b[36m</h2>\u001b[39m\n      \u001b[36m<p\u001b[39m\n        \u001b[33mclass\u001b[39m=\u001b[32m\"text-gray-600 mb-2\"\u001b[39m\n      \u001b[36m>\u001b[39m\n        \u001b[0mLa URL del curso no es válida.\u001b[0m\n      \u001b[36m</p>\u001b[39m\n      \u001b[36m<p\u001b[39m\n        \u001b[33mclass\u001b[39m=\u001b[32m\"text-sm text-gray-400 mb-8\"\u001b[39m\n      \u001b[36m>\u001b[39m\n        \u001b[0mError: \u001b[0m\n        \u001b[0mID de curso no válido\u001b[0m\n      \u001b[36m</p>\u001b[39m\n      \u001b[36m<div\u001b[39m\n        \u001b[33mclass\u001b[39m=\u001b[32m\"space-y-3\"\u001b[39m\n      \u001b[36m>\u001b[39m\n        \u001b[36m<div\u001b[39m\n          \u001b[33mclass\u001b[39m=\u001b[32m\"flex space-x-3\"\u001b[39m\n        \u001b[36m>\u001b[39m\n          \u001b[36m<button\u001b[39m\n            \u001b[33mclass\u001b[39m=\u001b[32m\"flex-1 inline-flex items-center justify-center px-4 py-2 bg-gray-100 text-gray-700 font-medium rounded-lg hover:bg-gray-200 focus:outline-none focus:ring-2 focus:ring-gray-500 focus:ring-offset-2 transition-colors duration-200\"\u001b[39m\n          \u001b[36m>\u001b[39m\n            \u001b[36m<svg\u001b[39m\n              \u001b[33mclass\u001b[39m=\u001b[32m\"w-5 h-5 mr-2\"\u001b[39m\n              \u001b[33mfill\u001b[39m=\u001b[32m\"none\"\u001b[39m\n              \u001b[33mheight\u001b[39m=\u001b[32m\"24\"\u001b[39m\n              \u001b[33mstroke\u001b[39m=\u001b[32m\"currentColor\"\u001b[39m\n              \u001b[33mstroke-linecap\u001b[39m=\u001b[32m\"round\"\u001b[39m\n              \u001b[33mstroke-linejoin\u001b[39m=\u001b[32m\"round\"\u001b[39m\n              \u001b[33mstroke-width\u001b[39m=\u001b[32m\"2\"\u001b[39m\n              \u001b[33mviewBox\u001b[39m=\u001b[32m\"0 0 24 24\"\u001b[39m\n              \u001b[33mwidth\u001b[39m=\u001b[32m\"24\"\u001b[39m\n              \u001b[33mxmlns\u001b[39m=\u001b[32m\"http://www.w3.org/2000/svg\"\u001b[39m\n            \u001b[36m>\u001b[39m\n              \u001b[36m<path\u001b[39m\n                \u001b[33md\u001b[39m=\u001b[32m\"m3 9 9-7 9 7v11a2 2 0 0 1-2 2H5a2 2 0 0 1-2-2z\"\u001b[39m\n              \u001b[36m/>\u001b[39m\n              \u001b[36m<polyline\u001b[39m\n                \u001b[33mpoints\u001b[39m=\u001b[32m\"9 22 9 12 15 12 15 22\"\u001b[39m\n              \u001b[36m/>\u001b[39m\n            \u001b[36m</svg>\u001b[39m\n            \u001b[0mInicio\u001b[0m\n          \u001b[36m</button>\u001b[39m\n        \u001b[36m</div>\u001b[39m\n      \u001b[36m</div>\u001b[39m\n    \u001b[36m</div>\u001b[39m\n  \u001b[36m</div>\u001b[39m\n\u001b[36m</body>\u001b[39m\n\nIgnored nodes: comments, script, style\n\u001b[36m<html>\u001b[39m\n  \u001b[36m<head />\u001b[39m\n  \u001b[36m<body>\u001b[39m\n    \u001b[36m<div>\u001b[39m\n      \u001b[36m<div\u001b[39m\n        \u001b[33mclass\u001b[39m=\u001b[32m\"max-w-md mx-auto text-center py-12 px-4\"\u001b[39m\n      \u001b[36m>\u001b[39m\n        \u001b[36m<div\u001b[39m\n          \u001b[33mclass\u001b[39m=\u001b[32m\"flex justify-center mb-6\"\u001b[39m\n        \u001b[36m>\u001b[39m\n          \u001b[36m<svg\u001b[39m\n            \u001b[33mclass\u001b[39m=\u001b[32m\"w-16 h-16 text-red-400\"\u001b[39m\n            \u001b[33mfill\u001b[39m=\u001b[32m\"none\"\u001b[39m\n            \u001b[33mheight\u001b[39m=\u001b[32m\"24\"\u001b[39m\n            \u001b[33mstroke\u001b[39m=\u001b[32m\"currentColor\"\u001b[39m\n            \u001b[33mstroke-linecap\u001b[39m=\u001b[32m\"round\"\u001b[39m\n            \u001b[33mstroke-linejoin\u001b[39m=\u001b[32m\"round\"\u001b[39m\n            \u001b[33mstroke-width\u001b[39m=\u001b[32m\"2\"\u001b[39m\n            \u001b[33mviewBox\u001b[39m=\u001b[32m\"0 0 24 24\"\u001b[39m\n            \u001b[33mwidth\u001b[39m=\u001b[32m\"24\"\u001b[39m\n            \u001b[33mxmlns\u001b[39m=\u001b[32m\"http://www.w3.org/2000/svg\"\u001b[39m\n          \u001b[36m>\u001b[39m\n            \u001b[36m<path\u001b[39m\n              \u001b[33md\u001b[39m=\u001b[32m\"m21.73 18-8-14a2 2 0 0 0-3.48 0l-8 14A2 2 0 0 0 4 21h16a2 2 0 0 0 1.73-3Z\"\u001b[39m\n            \u001b[36m/>\u001b[39m\n            \u001b[36m<path\u001b[39m\n              \u001b[33md\u001b[39m=\u001b[32m\"M12 9v4\"\u001b[39m\n            \u001b[36m/>\u001b[39m\n            \u001b[36m<path\u001b[39m\n              \u001b[33md\u001b[39m=\u001b[32m\"M12 17h.01\"\u001b[39m\n            \u001b[36m/>\u001b[39m\n          \u001b[36m</svg>\u001b[39m\n        \u001b[36m</div>\u001b[39m\n        \u001b[36m<h2\u001b[39m\n          \u001b[33mclass\u001b[39m=\u001b[32m\"text-2xl font-bold text-gray-900 mb-4\"\u001b[39m\n        \u001b[36m>\u001b[39m\n          \u001b[0mCurso no válido\u001b[0m\n        \u001b[36m</h2>\u001b[39m\n        \u001b[36m<p\u001b[39m\n          \u001b[33mclass\u001b[39m=\u001b[32m\"text-gray-600 mb-2\"\u001b[39m\n        \u001b[36m>\u001b[39m\n          \u001b[0mLa URL del curso no es válida.\u001b[0m\n        \u001b[36m</p>\u001b[39m\n        \u001b[36m<p\u001b[39m\n          \u001b[33mclass\u001b[39m=\u001b[32m\"text-sm text-gray-400 mb-8\"\u001b[39m\n        \u001b[36m>\u001b[39m\n          \u001b[0mError: \u001b[0m\n          \u001b[0mID de curso no válido\u001b[0m\n        \u001b[36m</p>\u001b[39m\n        \u001b[36m<div\u001b[39m\n          \u001b[33mclass\u001b[39m=\u001b[32m\"space-y-3\"\u001b[39m\n        \u001b[36m>\u001b[39m\n          \u001b[36m<div\u001b[39m\n            \u001b[33mclass\u001b[39m=\u001b[32m\"flex space-x-3\"\u001b[39m\n          \u001b[36m>\u001b[39m\n            \u001b[36m<button\u001b[39m\n              \u001b[33mclass\u001b[39m=\u001b[32m\"flex-1 inline-flex items-center justify-center px-4 py-2 bg-gray-100 text-gray-700 font-medium rounded-lg hover:bg-gray-200 focus:outline-none focus:ring-2 focus:ring-gray-500 focus:ring-offset-2 transition-colors duration-200\"\u001b[39m\n            \u001b[36m>\u001b[39m\n              \u001b[36m<svg\u001b[39m\n                \u001b[33mclass\u001b[39m=\u001b[32m\"w-5 h-5 mr-2\"\u001b[39m\n                \u001b[33mfill\u001b[39m=\u001b[32m\"none\"\u001b[39m\n                \u001b[33mheight\u001b[39m=\u001b[32m\"24\"\u001b[39m\n                \u001b[33mstroke\u001b[39m=\u001b[32m\"currentColor\"\u001b[39m\n                \u001b[33mstroke-linecap\u001b[39m=\u001b[32m\"round\"\u001b[39m\n                \u001b[33mstroke-linejoin\u001b[39m=\u001b[32m\"round\"\u001b[39m\n                \u001b[33mstroke-width\u001b[39m=\u001b[32m\"2\"\u001b[39m\n                \u001b[33mviewBox\u001b[39m=\u001b[32m\"0 0 24 24\"\u001b[39m\n                \u001b[33mwidth\u001b[39m=\u001b[32m\"24\"\u001b[39m\n                \u001b[33mxmlns\u001b[39m=\u001b[32m\"http://www.w3.org/2000/svg\"\u001b[39m\n              \u001b[36m>\u001b[39m\n                \u001b[36m<path\u001b[39m\n                  \u001b[33md\u001b[39m=\u001b[32m\"m3 9 9-7 9 7v11a2 2 0 0 1-2 2H5a2 2 0 0 1-2-2z\"\u001b[39m\n                \u001b[36m/>\u001b[39m\n                \u001b[36m<polyline\u001b[39m\n                  \u001b[33mpoints\u001b[39m=\u001b[32m\"9 22 9 12 15 12 15 22\"\u001b[39m\n                \u001b[36m/>\u001b[39m\n              \u001b[36m</svg>\u001b[39m\n              \u001b[0mInicio\u001b[0m\n            \u001b[36m</button>\u001b[39m\n          \u001b[36m</div>\u001b[39m\n        \u001b[36m</div>\u001b[39m\n      \u001b[36m</div>\u001b[39m\n    \u001b[36m</div>\u001b[39m\n  \u001b[36m</body>\u001b[39m\n\u001b[36m</html>\u001b[39m"],"location":{"line":163,"column":27}},{"ancestorTitles":["","Course Flow Integration","Authentication Flow Integration"],"fullName":" Course Flow Integration Authentication Flow Integration redirects to login when accessing protected content without auth","status":"failed","title":"redirects to login when accessing protected content without auth","duration":1004,"failureMessages":["Unable to find an element with the text: /please log in/i. This could be because the text is broken up by multiple elements. In this case, you can provide a function for your text matcher to make your matcher more flexible.\n\nIgnored nodes: comments, script, style\n\u001b[36m<body>\u001b[39m\n  \u001b[36m<div>\u001b[39m\n    \u001b[36m<div\u001b[39m\n      \u001b[33mclass\u001b[39m=\u001b[32m\"max-w-md mx-auto text-center py-12 px-4\"\u001b[39m\n    \u001b[36m>\u001b[39m\n      \u001b[36m<div\u001b[39m\n        \u001b[33mclass\u001b[39m=\u001b[32m\"flex justify-center mb-6\"\u001b[39m\n      \u001b[36m>\u001b[39m\n        \u001b[36m<svg\u001b[39m\n          \u001b[33mclass\u001b[39m=\u001b[32m\"w-16 h-16 text-red-400\"\u001b[39m\n          \u001b[33mfill\u001b[39m=\u001b[32m\"none\"\u001b[39m\n          \u001b[33mheight\u001b[39m=\u001b[32m\"24\"\u001b[39m\n          \u001b[33mstroke\u001b[39m=\u001b[32m\"currentColor\"\u001b[39m\n          \u001b[33mstroke-linecap\u001b[39m=\u001b[32m\"round\"\u001b[39m\n          \u001b[33mstroke-linejoin\u001b[39m=\u001b[32m\"round\"\u001b[39m\n          \u001b[33mstroke-width\u001b[39m=\u001b[32m\"2\"\u001b[39m\n          \u001b[33mviewBox\u001b[39m=\u001b[32m\"0 0 24 24\"\u001b[39m\n          \u001b[33mwidth\u001b[39m=\u001b[32m\"24\"\u001b[39m\n          \u001b[33mxmlns\u001b[39m=\u001b[32m\"http://www.w3.org/2000/svg\"\u001b[39m\n        \u001b[36m>\u001b[39m\n          \u001b[36m<path\u001b[39m\n            \u001b[33md\u001b[39m=\u001b[32m\"m21.73 18-8-14a2 2 0 0 0-3.48 0l-8 14A2 2 0 0 0 4 21h16a2 2 0 0 0 1.73-3Z\"\u001b[39m\n          \u001b[36m/>\u001b[39m\n          \u001b[36m<path\u001b[39m\n            \u001b[33md\u001b[39m=\u001b[32m\"M12 9v4\"\u001b[39m\n          \u001b[36m/>\u001b[39m\n          \u001b[36m<path\u001b[39m\n            \u001b[33md\u001b[39m=\u001b[32m\"M12 17h.01\"\u001b[39m\n          \u001b[36m/>\u001b[39m\n        \u001b[36m</svg>\u001b[39m\n      \u001b[36m</div>\u001b[39m\n      \u001b[36m<h2\u001b[39m\n        \u001b[33mclass\u001b[39m=\u001b[32m\"text-2xl font-bold text-gray-900 mb-4\"\u001b[39m\n      \u001b[36m>\u001b[39m\n        \u001b[0mCurso no válido\u001b[0m\n      \u001b[36m</h2>\u001b[39m\n      \u001b[36m<p\u001b[39m\n        \u001b[33mclass\u001b[39m=\u001b[32m\"text-gray-600 mb-2\"\u001b[39m\n      \u001b[36m>\u001b[39m\n        \u001b[0mLa URL del curso no es válida.\u001b[0m\n      \u001b[36m</p>\u001b[39m\n      \u001b[36m<p\u001b[39m\n        \u001b[33mclass\u001b[39m=\u001b[32m\"text-sm text-gray-400 mb-8\"\u001b[39m\n      \u001b[36m>\u001b[39m\n        \u001b[0mError: \u001b[0m\n        \u001b[0mID de curso no válido\u001b[0m\n      \u001b[36m</p>\u001b[39m\n      \u001b[36m<div\u001b[39m\n        \u001b[33mclass\u001b[39m=\u001b[32m\"space-y-3\"\u001b[39m\n      \u001b[36m>\u001b[39m\n        \u001b[36m<div\u001b[39m\n          \u001b[33mclass\u001b[39m=\u001b[32m\"flex space-x-3\"\u001b[39m\n        \u001b[36m>\u001b[39m\n          \u001b[36m<button\u001b[39m\n            \u001b[33mclass\u001b[39m=\u001b[32m\"flex-1 inline-flex items-center justify-center px-4 py-2 bg-gray-100 text-gray-700 font-medium rounded-lg hover:bg-gray-200 focus:outline-none focus:ring-2 focus:ring-gray-500 focus:ring-offset-2 transition-colors duration-200\"\u001b[39m\n          \u001b[36m>\u001b[39m\n            \u001b[36m<svg\u001b[39m\n              \u001b[33mclass\u001b[39m=\u001b[32m\"w-5 h-5 mr-2\"\u001b[39m\n              \u001b[33mfill\u001b[39m=\u001b[32m\"none\"\u001b[39m\n              \u001b[33mheight\u001b[39m=\u001b[32
[...]
 Usuarios\u001b[0m\n          \u001b[36m</h3>\u001b[39m\n          \u001b[36m<p\u001b[39m\n            \u001b[33mclass\u001b[39m=\u001b[32m\"text-3xl font-bold text-gray-900\"\u001b[39m\n          \u001b[36m>\u001b[39m\n            \u001b[0m0\u001b[0m\n          \u001b[36m</p>\u001b[39m\n        \u001b[36m</div>\u001b[39m\n        \u001b[36m<div\u001b[39m\n          \u001b[33mclass\u001b[39m=\u001b[32m\"bg-white p-6 rounded-lg shadow\"\u001b[39m\n        \u001b[36m>\u001b[39m\n          \u001b[36m<h3\u001b[39m\n            \u001b[33mclass\u001b[39m=\u001b[32m\"text-sm font-medium text-gray-500\"\u001b[39m\n          \u001b[36m>\u001b[39m\n            \u001b[0mTotal Cursos\u001b[0m\n          \u001b[36m</h3>\u001b[39m\n          \u001b[36m<p\u001b[39m\n            \u001b[33mclass\u001b[39m=\u001b[32m\"text-3xl font-bold text-gray-900\"\u001b[39m\n          \u001b[36m>\u001b[39m\n            \u001b[0m0\u001b[0m\n          \u001b[36m</p>\u001b[39m\n        \u001b[36m</div>\u001b[39m\n        \u001b[36m<div\u001b[39m\n          \u001b[33mclass\u001b[39m=\u001b[32m\"bg-white p-6 rounded-lg shadow\"\u001b[39m\n        \u001b[36m>\u001b[39m\n          \u001b[36m<h3\u001b[39m\n            \u001b[33mclass\u001b[39m=\u001b[32m\"text-sm font-medium text-gray-500\"\u001b[39m\n          \u001b[36m>\u001b[39m\n            \u001b[0mNuevos Usuarios\u001b[0m\n          \u001b[36m</h3>\u001b[39m\n          \u001b[36m<p\u001b[39m\n            \u001b[33mclass\u001b[39m=\u001b[32m\"text-3xl font-bold text-green-600\"\u001b[39m\n          \u001b[36m>\u001b[39m\n            \u001b[0m0\u001b[0m\n          \u001b[36m</p>\u001b[39m\n          \u001b[36m<p\u001b[39m\n            \u001b[33mclass\u001b[39m=\u001b[32m\"text-sm text-gray-500\"\u001b[39m\n          \u001b[36m>\u001b[39m\n            \u001b[0mÚltimo mes\u001b[0m\n          \u001b[36m</p>\u001b[39m\n        \u001b[36m</div>\u001b[39m\n        \u001b[36m<div\u001b[39m\n          \u001b[33mclass\u001b[39m=\u001b[32m\"bg-white p-6 rounded-lg shadow\"\u001b[39m\n        \u001b[36m>\u001b[39m\n          \u001b[36m<h3\u001b[39m\n            \u001b[33mclass\u001b[39m=\u001b[32m\"text-sm font-medium text-gray-500\"\u001b[39m\n          \u001b[36m>\u001b[39m\n            \u001b[0mCursos Publicados\u001b[0m\n          \u001b[36m</h3>\u001b[39m\n          \u001b[36m<p\u001b[39m\n            \u001b[33mclass\u001b[39m=\u001b[32m\"text-3xl font-bold text-blue-600\"\u001b[39m\n          \u001b[36m>\u001b[39m\n            \u001b[0m0\u001b[0m\n          \u001b[36m</p>\u001b[39m\n        \u001b[36m</div>\u001b[39m\n      \u001b[36m</div>\u001b[39m\n      \u001b[36m<div\u001b[39m\n        \u001b[33mclass\u001b[39m=\u001b[32m\"bg-white rounded-lg shadow p-6\"\u001b[39m\n      \u001b[36m>\u001b[39m\n        \u001b[36m<h2\u001b[39m\n          \u001b[33mclass\u001b[39m=\u001b[32m\"text-lg font-semibold mb-4\"\u001b[39m\n        \u001b[36m>\u001b[39m\n          \u001b[0mAcciones Rápidas\u001b[0m\n        \u001b[36m</h2>\u001b[39m\n        \u001b[36m<div\u001b[39m\n          \u001b[33mclass\u001b[39m=\u001b[32m\"flex flex-wrap gap-4\"\u001b[39m\n        \u001b[36m>\u001b[39m\n          \u001b[36m<a\u001b[39m\n            \u001b[33mclass\u001b[39m=\u001b[32m\"bg-blue-600 hover:bg-blue-700 text-white px-4 py-2 rounded-md\"\u001b[39m\n            \u001b[33mhref\u001b[39m=\u001b[32m\"/admin/courses/new\"\u001b[39m\n          \u001b[36m>\u001b[39m\n            \u001b[0mCrear Nuevo Curso\u001b[0m\n          \u001b[36m</a>\u001b[39m\n          \u001b[36m<a\u001b[39m\n            \u001b[33mclass\u001b[39m=\u001b[32m\"bg-gray-600 hover:bg-gray-700 text-white px-4 py-2 rounded-md\"\u001b[39m\n            \u001b[33mhref\u001b[39m=\u001b[32m\"/admin/users\"\u001b[39m\n          \u001b[36m>\u001b[39m\n            \u001b[0mVer Usuarios\u001b[0m\n          \u001b[36m</a>\u001b[39m\n        \u001b[36m</div>\u001b[39m\n      \u001b[36m</div>\u001b[39m\n    \u001b[36m</div>\u001b[39m\n  \u001b[36m</div>\u001b[39m\n\u001b[36m</body>\u001b[39m\n\nIgnored nodes: comments, script, style\n\u001b[36m<html>\u001b[39m\n  \u001b[36m<head />\u001b[39m\n  \u001b[36m<body>\u001b[39m\n    \u001b[36m<div>\u001b[39m\n      \u001b[36m<div>\u001b[39m\n        \u001b[36m<h1\u001b[39m\n          \u001b[33mclass\u001b[39m=\u001b[32m\"text-2xl font-bold text-gray-900 mb-6\"\u001b[39m\n        \u001b[36m>\u001b[39m\n          \u001b[0mDashboard Administrativo\u001b[0m\n        \u001b[36m</h1>\u001b[39m\n        \u001b[36m<div\u001b[39m\n          \u001b[33mclass\u001b[39m=\u001b[32m\"grid grid-cols-1 md:grid-cols-2 lg:grid-cols-4 gap-6 mb-8\"\u001b[39m\n        \u001b[36m>\u001b[39m\n          \u001b[36m<div\u001b[39m\n            \u001b[33mclass\u001b[39m=\u001b[32m\"bg-white p-6 rounded-lg shadow\"\u001b[39m\n          \u001b[36m>\u001b[39m\n            \u001b[36m<h3\u001b[39m\n              \u001b[33mclass\u001b[39m=\u001b[32m\"text-sm font-medium text-gray-500\"\u001b[39m\n            \u001b[36m>\u001b[39m\n              \u001b[0mTotal Usuarios\u001b[0m\n            \u001b[36m</h3>\u001b[39m\n            \u001b[36m<p\u001b[39m\n              \u001b[33mclass\u001b[39m=\u001b[32m\"text-3xl font-bold text-gray-900\"\u001b[39m\n            \u001b[36m>\u001b[39m\n              \u001b[0m0\u001b[0m\n            \u001b[36m</p>\u001b[39m\n          \u001b[36m</div>\u001b[39m\n          \u001b[36m<div\u001b[39m\n            \u001b[33mclass\u001b[39m=\u001b[32m\"bg-white p-6 rounded-lg shadow\"\u001b[39m\n          \u001b[36m>\u001b[39m\n            \u001b[36m<h3\u001b[39m\n              \u001b[33mclass\u001b[39m=\u001b[32m\"text-sm font-medium text-gray-500\"\u001b[39m\n            \u001b[36m>\u001b[39m\n              \u001b[0mTotal Cursos\u001b[0m\n            \u001b[36m</h3>\u001b[39m\n            \u001b[36m<p\u001b[39m\n              \u001b[33mclass\u001b[39m=\u001b[32m\"text-3xl font-bold text-gray-900\"\u001b[39m\n            \u001b[36m>\u001b[39m\n              \u001b[0m0\u001b[0m\n            \u001b[36m</p>\u001b[39m\n          \u001b[36m</div>\u001b[39m\n          \u001b[36m<div\u001b[39m\n            \u001b[33mclass\u001b[39m=\u001b[32m\"bg-white p-6 rounded-lg shadow\"\u001b[39m\n          \u001b[36m>\u001b[39m\n            \u001b[36m<h3\u001b[39m\n              \u001b[33mclass\u001b[39m=\u001b[32m\"text-sm font-medium text-gray-500\"\u001b[39m\n            \u001b[36m>\u001b[39m\n              \u001b[0mNuevos Usuarios\u001b[0m\n            \u001b[36m</h3>\u001b[39m\n            \u001b[36m<p\u001b[39m\n              \u001b[33mclass\u001b[39m=\u001b[32m\"text-3xl font-bold text-green-600\"\u001b[39m\n            \u001b[36m>\u001b[39m\n              \u001b[0m0\u001b[0m\n            \u001b[36m</p>\u001b[39m\n            \u001b[36m<p\u001b[39m\n              \u001b[33mclass\u001b[39m=\u001b[32m\"text-sm text-gray-500\"\u001b[39m\n            \u001b[36m>\u001b[39m\n              \u001b[0mÚltimo mes\u001b[0m\n            \u001b[36m</p>\u001b[39m\n          \u001b[36m</div>\u001b[39m\n          \u001b[36m<div\u001b[39m\n            \u001b[33mclass\u001b[39m=\u001b[32m\"bg-white p-6 rounded-lg shadow\"\u001b[39m\n          \u001b[36m>\u001b[39m\n            \u001b[36m<h3\u001b[39m\n              \u001b[33mclass\u001b[39m=\u001b[32m\"text-sm font-medium text-gray-500\"\u001b[39m\n            \u001b[36m>\u001b[39m\n              \u001b[0mCursos Publicados\u001b[0m\n            \u001b[36m</h3>\u001b[39m\n            \u001b[36m<p\u001b[39m\n              \u001b[33mclass\u001b[39m=\u001b[32m\"text-3xl font-bold text-blue-600\"\u001b[39m\n            \u001b[36m>\u001b[39m\n              \u001b[0m0\u001b[0m\n            \u001b[36m</p>\u001b[39m\n          \u001b[36m</div>\u001b[39m\n        \u001b[36m</div>\u001b[39m\n        \u001b[36m<div\u001b[39m\n          \u001b[33mclass\u001b[39m=\u001b[32m\"bg-white rounded-lg shadow p-6\"\u001b[39m\n        \u001b[36m>\u001b[39m\n          \u001b[36m<h2\u001b[39m\n            \u001b[33mclass\u001b[39m=\u001b[32m\"text-lg font-semibold mb-4\"\u001b[39m\n          \u001b[36m>\u001b[39m\n            \u001b[0mAcciones Rápidas\u001b[0m\n          \u001b[36m</h2>\u001b[39m\n          \u001b[36m<div\u001b[39m\n            \u001b[33mclass\u001b[39m=\u001b[32m\"flex flex-wrap gap-4\"\u001b[39m\n          \u001b[36m>\u001b[39m\n            \u001b[36m<a\u001b[39m\n              \u001b[33mclass\u001b[39m=\u001b[32m\"bg-blue-600 hover:bg-blue-700 text-white px-4 py-2 rounded-md\"\u001b[39m\n              \u001b[33mhref\u001b[39m=\u001b[32m\"/admin/courses/new\"\u001b[39m\n            \u001b[36m>\u001b[39m\n              \u001b[0mCrear Nuevo Curso\u001b[0m\n            \u001b[36m</a>\u001b[39m\n            \u001b[36m<a\u001b[39m\n              \u001b[33mclass\u001b[39m=\u001b[32m\"bg-gray-600 hover:bg-gray-700 text-white px-4 py-2 rounded-md\"\u001b[39m\n              \u001b[33mhref\u001b[39m=\u001b[32m\"/admin/users\"\u001b[39m\n            \u001b[36m>\u001b[39m\n              \u001b[0mVer Usuarios\u001b[0m\n            \u001b[36m</a>\u001b[39m\n          \u001b[36m</div>\u001b[39m\n        \u001b[36m</div>\u001b[39m\n      \u001b[36m</div>\u001b[39m\n    \u001b[36m</div>\u001b[39m\n  \u001b[36m</body>\u001b[39m\n\u001b[36m</html>\u001b[39m"],"location":{"line":163,"column":27}},{"ancestorTitles":["","AdminDashboard"],"fullName":" AdminDashboard displays recent activity section","status":"failed","title":"displays recent activity section","duration":1007,"failureMessages":["Unable to find an element with the text: /recent activity/i. This could be because the text is broken up by multiple elements. In this case, you can provide a function for your text matcher to make your matcher more flexible.\n\nIgnored nodes: comments, script, style\n\u001b[36m<body>\u001b[39m\n  \u001b[36m<div>\u001b[39m\n    \u001b[36m<div>\u001b[39m\n      \u001b[36m<h1\u001b[39m\n        \u001b[33mclass\u001b[39m=\u001b[32m\"text-2xl font-bold text-gray-900 mb-6\"\u001b[39m\n      \u001b[36m>\u001b[39m\n        \u001b[0mDashboard Administrativo\u001b[0m\n      \u001b[36m</h1>\u001b[39m\n      \u001b[36m<div\u001b[39m\n        \u001b[33mclass\u001b[39m=\u001b[32m\"grid grid-cols-1 md:grid-cols-2 lg:grid-cols-4 gap-6 mb-8\"\u001b[39m\n      \u001b[36m>\u001b[39m\n        \u001b[36m<div\u001b[39m\n          \u001b[33mclass\u001b[39m=\u001b[32m\"bg-white p-6 rounded-lg shadow\"\u001b[39m\n        \u001b[36m>\u001b[39m\n          \u001b[36m<h3\u001b[39m\n            \u001b[33mclass\u001b[39m=\u001b[32m\"text-sm font-medium text-gray-500\"\u001b[39m\n          \u001b[36m>\u001b[39m\n            \u001b[0mTotal Usuarios\u001b[0m\n          \u001b[36m</h3>\u001b[39m\n          \u001b[36m<p\u001b[39m\n            \u001b[33mclass\u001b[39m=\u001b[32m\"text-3xl font-bold text-gray-900\"\u001b[39m\n          \u001b[36m>\u001b[39m\n            \u001b[0m0\u001b[0m\n          \u001b[36m</p>\u001b[39m\n        \u001b[36m</div>\u001b[39m\n        \u001b[36m<div\u001b[39m\n          \u001b[33mclass\u001b[39m=\u001b[32m\"bg-white p-6 rounded-lg shadow\"\u001b[39m\n        \u001b[36m>\u001b[39m\n          \u001b[36m<h3\u001b[39m\n            \u001b[33mclass\u001b[39m=\u001b[32m\"text-sm font-medium text-gray-500\"\u001b[39m\n          \u001b[36m>\u001b[39m\n            \u001b[0mTotal Cursos\u001b[0m\n          \u001b[36m</h3>\u001b[39m\n          \u001b[36m<p\u001b[39m\n            \u001b[33mclass\u001b[39m=\u001b[32m\"text-3xl font-bold text-gray-900\"\u001b[39m\n          \u001b[36m>\u001b[39m\n            \u001b[0m0\u001b[0m\n          \u001b[36m</p>\u001b[39m\n        \u001b[36m</div>\u001b[39m\n        \u001b[36m<div\u001b[39m\n          \u001b[33mclass\u001b[39m=\u001b[32m\"bg-white p-6 rounded-lg shadow\"\u001b[39m\n        \u001b[36m>\u001b[39m\n          \u001b[36m<h3\u001b[39m\n            \u001b[33mclass\u001b[39m=\u001b[32m\"text-sm font-medium text-gray-500\"\u001b[39m\n          \u001b[36m>\u001b[39m\n            \u001b[0mNuevos Usuarios\u001b[0m\n          \u001b[36m</h3>\u001b[39m\n          \u001b[36m<p\u001b[39m\n            \u001b[33mclass\u001b[39m=\u001b[32m\"text-3xl font-bold text-green-600\"\u001b[39m\n          \u001b[36m>\u001b[39m\n            \u001b[0m0\u001b[0m\n          \u001b[36m</p>\u001b[39m\n          \u001b[36m<p\u001b[39m\n            \u001b[33mclass\u001b[39m=\u001b[32m\"text-sm text-gray-500\"\u001b[39m\n          \u001b[36m>\u001b[39m\n            \u001b[0mÚltimo mes\u001b[0m\n          \u001b[36m</p>\u001b[39m\n        \u001b[36m</div>\u001b[39m\n        \u001b[36m<div\u001b[39m\n          \u001b[33mclass\u001b[39m=\u001b[32m\"bg-white p-6 rounded-lg shadow\"\u001b[39m\n        \u001b[36m>\u001b[39m\n          \u001b[36m<h3\u001b[39m\n            \u001b[33mclass\u001b[39m=\u001b[32m\"text-sm font-medium text-gray-500\"\u001b[39m\n          \u001b[36m>\u001b[39m\n            \u001b[0mCursos Publicados\u001b[0m\n          \u001b[36m</h3>\u001b[39m\n          \u001b[36m<p\u001b[39m\n            \u001b[33mclass\u001b[39m=\u001b[32m\"text-3xl font-bold text-blue-600\"\u001b[39m\n          \u001b[36m>\u001b[39m\n            \u001b[0m0\u001b[0m\n          \u001b[36m</p>\u001b[39m\n        \u001b[36m</div>\u001b[39m\n      \u001b[36m</div>\u001b[39m\n      \u001b[36m<div\u001b[39m\n        \u001b[33mclass\u001b[39m=\u001b[32m\"bg-white rounded-lg shadow p-6\"\u001b[39m\n      \u001b[36m>\u001b[39m\n        \u001b[36m<h2\u001b[39m\n          \u001b[33mclass\u001b[39m=\u001b[32m\"text-lg font-semibold mb-4\"\u001b[39m\n        \u001b[36m>\u001b[39m\n          \u001b[0mAcciones Rápidas\u001b[0m\n        \u001b[36m</h2>\u001b[39m\n        \u001b[36m<div\u001b[39m\n          \u001b[33mclass\u001b[39m=\u001b[32m\"flex flex-wrap gap-4\"\u001b[39m\n        \u001b[36m>\u001b[39m\n          \u001b[36m<a\u001b[39m\n            \u001b[33mclass\u001b[39m=\u001b[32m\"bg-blue-600 hover:bg-blue-700 text-white px-4 py-2 rounded-md\"\u001b[39m\n            \u001b[33mhref\u001b[39m=\u001b[32m\"/admin/courses/new\"\u001b[39m\n          \u001b[36m>\u001b[39m\n            \u001b[0mCrear Nuevo Curso\u001b[0m\n          \u001b[36m</a>\u001b[39m\n          \u001b[36m<a\u001b[39m\n            \u001b[33mclass\u001b[39m=\u001b[32m\"bg-gray-600 hover:bg-gray-700 text-white px-4 py-2 rounded-md\"\u001b[39m\n            \u001b[33mhref\u001b[39m=\u001b[32m\"/admin/users\"\u001b[39m\n          \u001b[36m>\u001b[39m\n            \u001b[0mVer Usuarios\u001b[0m\n          \u001b[36m</a>\u001b[39m\n        \u001b[36m</div>\u001b[39m\n      \u001b[36m</div>\u001b[39m\n    \u001b[36m</div>\u001b[39m\n  \u001b[36m</div>\u001b[39m\n\u001b[36m</body>\u001b[39m\n\nIgnored nodes: comments, script, style\n\u001b[36m<html>\u001b[39m\n  \u001b[36m<head />\u001b[39m\n  \u001b[36m<body>\u001b[39m\n    \u001b[36m<div>\u001b[39m\n      \u001b[36m<div>\u001b[39m\n        \u001b[36m<h1\u001b[39m\n          \u001b[33mclass\u001b[39m=\u001b[32m\"text-2xl font-bold text-gray-900 mb-6\"\u001b[39m\n        \u001b[36m>\u001b[39m\n          \u001b[0mDashboard Administrativo\u001b[0m\n        \u001b[36m</h1>\u001b[39m\n        \u001b[36m<div\u001b[39m\n          \u001b[33mclass\u001b[39m=\u001b[32m\"grid grid-cols-1 md:grid-cols-2 lg:grid-cols-4 gap-6 mb-8\"\u001b[39m\n        \u001b[36m>\u001b[39m\n          \u001b[36m<div\u001b[39m\n            \u001b[33mclass\u001b[39m=\u001b[32m\"bg-white p-6 rounded-lg shadow\"\u001b[39m\n          \u001b[36m>\u001b[39m\n            \u001b[36m<h3\u001b[39m\n              \u001b[33mclass\u001b[39m=\u001b[32m\"text-sm font-medium text-gray-500\"\u001b[39m\n            \u001b[36m>\u001b[39m\n              \u001b[0mTotal Usuarios\u001b[0m\n            \u001b[36m</h3>\u001b[39m\n            \u001b[36m<p\u001b[39m\n              \u001b[33mclass\u001b[39m=\u001b[32m\"text-3xl font-bold text-gray-900\"\u001b[39m\n            \u001b[36m>\u001b[39m\n              \u001b[0m0\u001b[0m\n            \u001b[36m</p>\u001b[39m\n          \u001b[36m</div>\u001b[39m\n          \u001b[36m<div\u001b[39m\n            \u001b[33mclass\u001b[39m=\u001b[32m\"bg-white p-6 rounded-lg shadow\"\u001b[39m\n          \u001b[36m>\u001b[39m\n            \u001b[36m<h3\u001b[39m\n              \u001b[33mclass\u001b[39m=\u001b[32m\"text-sm font-medium text-gray-500\"\u001b[39m\n            \u001b[36m>\u001b[39m\n              \u001b[0mTotal Cursos\u001b[0m\n            \u001b[36m</h3>\u001b[39m\n            \u001b[36m<p\u001b[39m\n              \u001b[33mclass\u001b[39m=\u001b[32m\"text-3xl font-bold text-gray-900\"\u001b[39m\n            \u001b[36m>\u001b[39m\n              \u001b[0m0\u001b[0m\n            \u001b[36m</p>\u001b[39m\n          \u001b[36m</div>\u001b[39m\n          \u001b[36m<div\u001b[39m\n            \u001b[33mclass\u001b[39m=\u001b[32m\"bg-white p-6 rounded-lg shadow\"\u001b[39m\n          \u001b[36m>\u001b[39m\n            \u001b[36m<h3\u001b[39m\n              \u001b[33mclass\u001b[39m=\u001b[32m\"text-sm font-medium text-gray-500\"\u001b[39m\n            \u001b[36m>\u001b[39m\n              \u001b[0mNuevos Usuarios\u001b[0m\n            \u001b[36m</h3>\u001b[39m\n            \u001b[36m<p\u001b[39m\n              \u001b[33mclass\u001b[39m=\u001b[32m\"text-3xl font-bold text-green-600\"\u001b[39m\n            \u001b[36m>\u001b[39m\n              \u001b[0m0\u001b[0m\n            \u001b[36m</p>\u001b[39m\n            \u001b[36m<p\u001b[39m\n              \u001b[33mclass\u001b[39m=\u001b[32m\"text-sm text-gray-500\"\u001b[39m\n            \u001b[36m>\u001b[39m\n              \u001b[0mÚltimo mes\u001b[0m\n            \u001b[36m</p>\u001b[39m\n          \u001b[36m</div>\u001b[39m\n          \u001b[36m<div\u001b[39m\n            \u001b[33mclass\u001b[39m=\u001b[32m\"bg-white p-6 rounded-lg shadow\"\u001b[39m\n          \u001b[36m>\u001b[39m\n            \u001b[36m<h3\u001b[39m\n              \u001b[33mclass\u001b[39m=\u001b[32m\"text-sm font-medium text-gray-500\"\u001b[39m\n            \u001b[36m>\u001b[39m\n              \u001b[0mCursos Publicados\u001b[0m\n            \u001b[36m</h3>\u001b[39m\n            \u001b[36m<p\u001b[39m\n              \u001b[33mclass\u001b[39m=\u001b[32m\"text-3xl font-bold text-blue-600\"\u001b[39m\n            \u001b[36m>\u001b[39m\n              \u001b[0m0\u001b[0m\n            \u001b[36m</p>\u001b[39m\n          \u001b[36m</div>\u001b[39m\n        \u001b[36m</div>\u001b[39m\n        \u001b[36m<div\u001b[39m\n          \u001b[33mclass\u001b[39m=\u001b[32m\"bg-white rounded-lg shadow p-6\"\u001b[39m\n        \u001b[36m>\u001b[39m\n          \u001b[36m<h2\u001b[39m\n            \u001b[33mclass\u001b[39m=\u001b[32m\"text-lg font-semibold mb-4\"\u001b[39m\n          \u001b[36m>\u001b[39m\n            \u001b[0mAcciones Rápidas\u001b[0m\n          \u001b[36m</h2>\u001b[39m\n          \u001b[36m<div\u001b[39m\n            \u001b[33mclass\u001b[39m=\u001b[32m\"flex flex-wrap gap-4\"\u001b[39m\n          \u001b[36m>\u001b[39m\n            \u001b[36m<a\u001b[39m\n              \u001b[33mclass\u001b[39m=\u001b[32m\"bg-blue-600 hover:bg-blue-700 text-white px-4 py-2 rounded-md\"\u001b[39m\n              \u001b[33mhref\u001b[39m=\u001b[32m\"/admin/courses/new\"\u001b[39m\n            \u001b[36m>\u001b[39m\n              \u001b[0mCrear Nuevo Curso\u001b[0m\n            \u001b[36m</a>\u001b[39m\n            \u001b[36m<a\u001b[39m\n              \u001b[33mclass\u001b[39m=\u001b[32m\"bg-gray-600 hover:bg-gray-700 text-white px-4 py-2 rounded-md\"\u001b[39m\n              \u001b[33mhref\u001b[39m=\u001b[32m\"/admin/users\"\u001b[39m\n            \u001b[36m>\u001b[39m\n              \u001b[0mVer Usuarios\u001b[0m\n            \u001b[36m</a>\u001b[39m\n          \u001b[36m</div>\u001b[39m\n        \u001b[36m</div>\u001b[39m\n      \u001b[36m</div>\u001b[39m\n    \u001b[36m</div>\u001b[39m\n  \u001b[36m</body>\u001b[39m\n\u001b[36m</html>\u001b[39m"],"location":{"line":163,"column":27}}],"startTime":1755792581348,"endTime":1755792584573,"status":"failed","message":"","name":"C:/Users/Asus/Documents/stegmaier-landing/frontend/src/tests/pages/admin/AdminDashboard.test.tsx"}]}